{"uid":"d88674b319ca6bd8","name":"User should be able to search models","fullName":"com.teamcity.api.SearchTest.searchTest","historyId":"66db2a93147f0f5c82e00a6803263013","time":{"start":1743449743910,"stop":1743449752509,"duration":8599},"status":"skipped","statusMessage":"\nMultiple Failures (6 failures)\n-- failure 1 --\n[projects] \nExpected size: 4 but was: 3 in:\n[\"<Root project>\", \"test_XBaLBiZTMf\", \"test_vknSnzBCaH\"]\nat SearchTest.searchTest(SearchTest.java:47)\n-- failure 2 --\n[projects] \nExpecting ListN:\n  [\"<Root project>\", \"test_XBaLBiZTMf\", \"test_vknSnzBCaH\"]\nto contain:\n  [\"test_HeDScOVQvt\", \"test_vknSnzBCaH\", \"test_XBaLBiZTMf\"]\nbut could not find the following element(s):\n  [\"test_HeDScOVQvt\"]\nat SearchTest.searchTest(SearchTest.java:47)\n-- failure 3 --\n[users] \nExpected size: 4 but was: 2 in:\n[\"test_hzqvrtwrhc\", \"test_oduxmtwrzp\"]\nat SearchTest.searchTest(SearchTest.java:49)\n-- failure 4 --\n[users] \nExpecting ListN:\n  [\"test_hzqvrtwrhc\", \"test_oduxmtwrzp\"]\nto contain:\n  [\"test_tihxmriuno\", \"test_dddqbsxjhn\", \"test_oduxmtwrzp\"]\nbut could not find the following element(s):\n  [\"test_tihxmriuno\", \"test_dddqbsxjhn\"]\nat SearchTest.searchTest(SearchTest.java:49)\n-- failure 5 --\n[buildTypes] \nExpected size: 3 but was: 0 in:\n[]\nat SearchTest.searchTest(SearchTest.java:51)\n-- failure 6 --\n[buildTypes] \nExpecting ListN:\n  []\nto contain:\n  [\"test_dQvuaehvaU\", \"test_ajQIWpJquT\", \"test_uuIBzdApmM\"]\nbut could not find the following element(s):\n  [\"test_dQvuaehvaU\", \"test_ajQIWpJquT\", \"test_uuIBzdApmM\"]\nat SearchTest.searchTest(SearchTest.java:51)","statusTrace":"org.assertj.core.error.AssertJMultipleFailuresError: \nMultiple Failures (6 failures)\n-- failure 1 --\n[projects] \nExpected size: 4 but was: 3 in:\n[\"<Root project>\", \"test_XBaLBiZTMf\", \"test_vknSnzBCaH\"]\nat SearchTest.searchTest(SearchTest.java:47)\n-- failure 2 --\n[projects] \nExpecting ListN:\n  [\"<Root project>\", \"test_XBaLBiZTMf\", \"test_vknSnzBCaH\"]\nto contain:\n  [\"test_HeDScOVQvt\", \"test_vknSnzBCaH\", \"test_XBaLBiZTMf\"]\nbut could not find the following element(s):\n  [\"test_HeDScOVQvt\"]\nat SearchTest.searchTest(SearchTest.java:47)\n-- failure 3 --\n[users] \nExpected size: 4 but was: 2 in:\n[\"test_hzqvrtwrhc\", \"test_oduxmtwrzp\"]\nat SearchTest.searchTest(SearchTest.java:49)\n-- failure 4 --\n[users] \nExpecting ListN:\n  [\"test_hzqvrtwrhc\", \"test_oduxmtwrzp\"]\nto contain:\n  [\"test_tihxmriuno\", \"test_dddqbsxjhn\", \"test_oduxmtwrzp\"]\nbut could not find the following element(s):\n  [\"test_tihxmriuno\", \"test_dddqbsxjhn\"]\nat SearchTest.searchTest(SearchTest.java:49)\n-- failure 5 --\n[buildTypes] \nExpected size: 3 but was: 0 in:\n[]\nat SearchTest.searchTest(SearchTest.java:51)\n-- failure 6 --\n[buildTypes] \nExpecting ListN:\n  []\nto contain:\n  [\"test_dQvuaehvaU\", \"test_ajQIWpJquT\", \"test_uuIBzdApmM\"]\nbut could not find the following element(s):\n  [\"test_dQvuaehvaU\", \"test_ajQIWpJquT\", \"test_uuIBzdApmM\"]\nat SearchTest.searchTest(SearchTest.java:51)\n\tat com.teamcity.BaseTest.run(BaseTest.java:52)\n\tat org.testng.internal.invokers.MethodInvocationHelper.invokeHookable(MethodInvocationHelper.java:274)\n\tat org.testng.internal.invokers.TestInvoker.invokeMethod(TestInvoker.java:679)\n\tat org.testng.internal.invokers.TestInvoker.invokeTestMethod(TestInvoker.java:230)\n\tat org.testng.internal.invokers.MethodRunner.runInSequence(MethodRunner.java:63)\n\tat org.testng.internal.invokers.TestInvoker$MethodInvocationAgent.invoke(TestInvoker.java:995)\n\tat org.testng.internal.invokers.TestInvoker.invokeTestMethods(TestInvoker.java:203)\n\tat org.testng.internal.invokers.TestMethodWorker.invokeTestMethods(TestMethodWorker.java:154)\n\tat org.testng.internal.invokers.TestMethodWorker.run(TestMethodWorker.java:134)\n\tat java.base/java.util.concurrent.Executors$RunnableAdapter.call(Executors.java:572)\n\tat java.base/java.util.concurrent.FutureTask.run(FutureTask.java:317)\n\tat org.testng.internal.thread.graph.TestNGFutureTask.run(TestNGFutureTask.java:22)\n\tat java.base/java.util.concurrent.ThreadPoolExecutor.runWorker(ThreadPoolExecutor.java:1144)\n\tat java.base/java.util.concurrent.ThreadPoolExecutor$Worker.run(ThreadPoolExecutor.java:642)\n\tat java.base/java.lang.Thread.run(Thread.java:1583)\n","flaky":false,"newFailed":false,"newBroken":false,"newPassed":false,"retriesCount":0,"retriesStatusChange":false,"beforeStages":[{"name":"generateBaseTestData","time":{"start":1743449743679,"stop":1743449743714,"duration":35},"description":"","status":"passed","steps":[],"attachments":[],"parameters":[],"shouldDisplayMessage":false,"stepsCount":0,"attachmentsCount":0,"hasContent":false,"attachmentStep":false}],"testStage":{"status":"skipped","statusMessage":"\nMultiple Failures (6 failures)\n-- failure 1 --\n[projects] \nExpected size: 4 but was: 3 in:\n[\"<Root project>\", \"test_XBaLBiZTMf\", \"test_vknSnzBCaH\"]\nat SearchTest.searchTest(SearchTest.java:47)\n-- failure 2 --\n[projects] \nExpecting ListN:\n  [\"<Root project>\", \"test_XBaLBiZTMf\", \"test_vknSnzBCaH\"]\nto contain:\n  [\"test_HeDScOVQvt\", \"test_vknSnzBCaH\", \"test_XBaLBiZTMf\"]\nbut could not find the following element(s):\n  [\"test_HeDScOVQvt\"]\nat SearchTest.searchTest(SearchTest.java:47)\n-- failure 3 --\n[users] \nExpected size: 4 but was: 2 in:\n[\"test_hzqvrtwrhc\", \"test_oduxmtwrzp\"]\nat SearchTest.searchTest(SearchTest.java:49)\n-- failure 4 --\n[users] \nExpecting ListN:\n  [\"test_hzqvrtwrhc\", \"test_oduxmtwrzp\"]\nto contain:\n  [\"test_tihxmriuno\", \"test_dddqbsxjhn\", \"test_oduxmtwrzp\"]\nbut could not find the following element(s):\n  [\"test_tihxmriuno\", \"test_dddqbsxjhn\"]\nat SearchTest.searchTest(SearchTest.java:49)\n-- failure 5 --\n[buildTypes] \nExpected size: 3 but was: 0 in:\n[]\nat SearchTest.searchTest(SearchTest.java:51)\n-- failure 6 --\n[buildTypes] \nExpecting ListN:\n  []\nto contain:\n  [\"test_dQvuaehvaU\", \"test_ajQIWpJquT\", \"test_uuIBzdApmM\"]\nbut could not find the following element(s):\n  [\"test_dQvuaehvaU\", \"test_ajQIWpJquT\", \"test_uuIBzdApmM\"]\nat SearchTest.searchTest(SearchTest.java:51)","statusTrace":"org.assertj.core.error.AssertJMultipleFailuresError: \nMultiple Failures (6 failures)\n-- failure 1 --\n[projects] \nExpected size: 4 but was: 3 in:\n[\"<Root project>\", \"test_XBaLBiZTMf\", \"test_vknSnzBCaH\"]\nat SearchTest.searchTest(SearchTest.java:47)\n-- failure 2 --\n[projects] \nExpecting ListN:\n  [\"<Root project>\", \"test_XBaLBiZTMf\", \"test_vknSnzBCaH\"]\nto contain:\n  [\"test_HeDScOVQvt\", \"test_vknSnzBCaH\", \"test_XBaLBiZTMf\"]\nbut could not find the following element(s):\n  [\"test_HeDScOVQvt\"]\nat SearchTest.searchTest(SearchTest.java:47)\n-- failure 3 --\n[users] \nExpected size: 4 but was: 2 in:\n[\"test_hzqvrtwrhc\", \"test_oduxmtwrzp\"]\nat SearchTest.searchTest(SearchTest.java:49)\n-- failure 4 --\n[users] \nExpecting ListN:\n  [\"test_hzqvrtwrhc\", \"test_oduxmtwrzp\"]\nto contain:\n  [\"test_tihxmriuno\", \"test_dddqbsxjhn\", \"test_oduxmtwrzp\"]\nbut could not find the following element(s):\n  [\"test_tihxmriuno\", \"test_dddqbsxjhn\"]\nat SearchTest.searchTest(SearchTest.java:49)\n-- failure 5 --\n[buildTypes] \nExpected size: 3 but was: 0 in:\n[]\nat SearchTest.searchTest(SearchTest.java:51)\n-- failure 6 --\n[buildTypes] \nExpecting ListN:\n  []\nto contain:\n  [\"test_dQvuaehvaU\", \"test_ajQIWpJquT\", \"test_uuIBzdApmM\"]\nbut could not find the following element(s):\n  [\"test_dQvuaehvaU\", \"test_ajQIWpJquT\", \"test_uuIBzdApmM\"]\nat SearchTest.searchTest(SearchTest.java:51)\n\tat com.teamcity.BaseTest.run(BaseTest.java:52)\n\tat org.testng.internal.invokers.MethodInvocationHelper.invokeHookable(MethodInvocationHelper.java:274)\n\tat org.testng.internal.invokers.TestInvoker.invokeMethod(TestInvoker.java:679)\n\tat org.testng.internal.invokers.TestInvoker.invokeTestMethod(TestInvoker.java:230)\n\tat org.testng.internal.invokers.MethodRunner.runInSequence(MethodRunner.java:63)\n\tat org.testng.internal.invokers.TestInvoker$MethodInvocationAgent.invoke(TestInvoker.java:995)\n\tat org.testng.internal.invokers.TestInvoker.invokeTestMethods(TestInvoker.java:203)\n\tat org.testng.internal.invokers.TestMethodWorker.invokeTestMethods(TestMethodWorker.java:154)\n\tat org.testng.internal.invokers.TestMethodWorker.run(TestMethodWorker.java:134)\n\tat java.base/java.util.concurrent.Executors$RunnableAdapter.call(Executors.java:572)\n\tat java.base/java.util.concurrent.FutureTask.run(FutureTask.java:317)\n\tat org.testng.internal.thread.graph.TestNGFutureTask.run(TestNGFutureTask.java:22)\n\tat java.base/java.util.concurrent.ThreadPoolExecutor.runWorker(ThreadPoolExecutor.java:1144)\n\tat java.base/java.util.concurrent.ThreadPoolExecutor$Worker.run(ThreadPoolExecutor.java:642)\n\tat java.base/java.lang.Thread.run(Thread.java:1583)\n","steps":[{"name":"Search models","time":{"start":1743449745221,"stop":1743449745403,"duration":182},"status":"passed","steps":[],"attachments":[{"uid":"308c6a5d16b8f12a","name":"Request","source":"308c6a5d16b8f12a.html","type":"text/html","size":550},{"uid":"3f4184ae2ee4acd2","name":"HTTP/1.1 200 ","source":"3f4184ae2ee4acd2.html","type":"text/html","size":1065}],"parameters":[],"shouldDisplayMessage":false,"stepsCount":0,"attachmentsCount":2,"hasContent":true,"attachmentStep":false},{"name":"Search models","time":{"start":1743449747273,"stop":1743449747349,"duration":76},"status":"passed","steps":[],"attachments":[{"uid":"5e5698daebc60fc0","name":"Request","source":"5e5698daebc60fc0.html","type":"text/html","size":544},{"uid":"6a68f92274eb2b96","name":"HTTP/1.1 200 ","source":"6a68f92274eb2b96.html","type":"text/html","size":810}],"parameters":[],"shouldDisplayMessage":false,"stepsCount":0,"attachmentsCount":2,"hasContent":true,"attachmentStep":false},{"name":"Search models","time":{"start":1743449747381,"stop":1743449747431,"duration":50},"status":"passed","steps":[],"attachments":[{"uid":"daaf74a5b8fa4e2b","name":"Request","source":"daaf74a5b8fa4e2b.html","type":"text/html","size":554},{"uid":"be12b9d18f91e4f8","name":"HTTP/1.1 200 ","source":"be12b9d18f91e4f8.html","type":"text/html","size":703}],"parameters":[],"shouldDisplayMessage":false,"stepsCount":0,"attachmentsCount":2,"hasContent":true,"attachmentStep":false},{"name":"Create NewProjectDescription(id=test_tacQScxstD, name=test_HeDScOVQvt, parentProject=Project(id=null, name=null, locator=_Root))","time":{"start":1743449747459,"stop":1743449747633,"duration":174},"status":"passed","steps":[],"attachments":[{"uid":"37b34778252fcf8e","name":"Request","source":"37b34778252fcf8e.html","type":"text/html","size":1153},{"uid":"afe8a0b82c92fca","name":"HTTP/1.1 200 ","source":"afe8a0b82c92fca.html","type":"text/html","size":2225}],"parameters":[{"name":"model","value":"NewProjectDescription(id=test_tacQScxstD, name=test_HeDScOVQvt, parentProject=Project(id=null, name=null, locator=_Root))"}],"shouldDisplayMessage":false,"stepsCount":0,"attachmentsCount":2,"hasContent":true,"attachmentStep":false},{"name":"Create User(id=null, username=test_TIhxMRIUno, email=test_ShKVfSxkxy, password=test_LlwDpvAiTj, roles=Roles(role=[Role(roleId=SYSTEM_ADMIN, scope=g)]))","time":{"start":1743449747638,"stop":1743449747799,"duration":161},"status":"passed","steps":[],"attachments":[{"uid":"9c96f510022a464","name":"Request","source":"9c96f510022a464.html","type":"text/html","size":1443},{"uid":"f0b5bc5203c3a571","name":"HTTP/1.1 200 ","source":"f0b5bc5203c3a571.html","type":"text/html","size":2140}],"parameters":[{"name":"model","value":"User(id=null, username=test_TIhxMRIUno, email=test_ShKVfSxkxy, password=test_LlwDpvAiTj, roles=Roles(role=[Role(roleId=SYSTEM_ADMIN, scope=g)]))"}],"shouldDisplayMessage":false,"stepsCount":0,"attachmentsCount":2,"hasContent":true,"attachmentStep":false},{"name":"Create BuildType(id=test_ISRltIdtIQ, name=test_dQvuaehvaU, project=Project(id=test_tacQScxstD, name=test_HeDScOVQvt, locator=null), steps=null)","time":{"start":1743449747806,"stop":1743449748388,"duration":582},"status":"passed","steps":[],"attachments":[{"uid":"1e4e4f9810e24c60","name":"Request","source":"1e4e4f9810e24c60.html","type":"text/html","size":1269},{"uid":"e92b9da7b129b260","name":"HTTP/1.1 200 ","source":"e92b9da7b129b260.html","type":"text/html","size":2946}],"parameters":[{"name":"model","value":"BuildType(id=test_ISRltIdtIQ, name=test_dQvuaehvaU, project=Project(id=test_tacQScxstD, name=test_HeDScOVQvt, locator=null), steps=null)"}],"shouldDisplayMessage":false,"stepsCount":0,"attachmentsCount":2,"hasContent":true,"attachmentStep":false},{"name":"Create NewProjectDescription(id=test_fiaEhlhFwn, name=test_vknSnzBCaH, parentProject=Project(id=null, name=null, locator=_Root))","time":{"start":1743449748409,"stop":1743449748498,"duration":89},"status":"passed","steps":[],"attachments":[{"uid":"7867c13b0d1adba3","name":"Request","source":"7867c13b0d1adba3.html","type":"text/html","size":1153},{"uid":"f3398b7e318a50b9","name":"HTTP/1.1 200 ","source":"f3398b7e318a50b9.html","type":"text/html","size":2225}],"parameters":[{"name":"model","value":"NewProjectDescription(id=test_fiaEhlhFwn, name=test_vknSnzBCaH, parentProject=Project(id=null, name=null, locator=_Root))"}],"shouldDisplayMessage":false,"stepsCount":0,"attachmentsCount":2,"hasContent":true,"attachmentStep":false},{"name":"Create User(id=null, username=test_DDdqbsXJHN, email=test_DgNaNTateg, password=test_DlefkZovmx, roles=Roles(role=[Role(roleId=SYSTEM_ADMIN, scope=g)]))","time":{"start":1743449748503,"stop":1743449748633,"duration":130},"status":"passed","steps":[],"attachments":[{"uid":"b3b4545c2ea13183","name":"Request","source":"b3b4545c2ea13183.html","type":"text/html","size":1443},{"uid":"2db37faefa532ca2","name":"HTTP/1.1 200 ","source":"2db37faefa532ca2.html","type":"text/html","size":2140}],"parameters":[{"name":"model","value":"User(id=null, username=test_DDdqbsXJHN, email=test_DgNaNTateg, password=test_DlefkZovmx, roles=Roles(role=[Role(roleId=SYSTEM_ADMIN, scope=g)]))"}],"shouldDisplayMessage":false,"stepsCount":0,"attachmentsCount":2,"hasContent":true,"attachmentStep":false},{"name":"Create BuildType(id=test_oTjRcHybfE, name=test_ajQIWpJquT, project=Project(id=test_fiaEhlhFwn, name=test_vknSnzBCaH, locator=null), steps=null)","time":{"start":1743449748642,"stop":1743449748740,"duration":98},"status":"passed","steps":[],"attachments":[{"uid":"d5ded8d96f86f3d0","name":"Request","source":"d5ded8d96f86f3d0.html","type":"text/html","size":1269},{"uid":"e93bc3b017a3cdff","name":"HTTP/1.1 200 ","source":"e93bc3b017a3cdff.html","type":"text/html","size":2946}],"parameters":[{"name":"model","value":"BuildType(id=test_oTjRcHybfE, name=test_ajQIWpJquT, project=Project(id=test_fiaEhlhFwn, name=test_vknSnzBCaH, locator=null), steps=null)"}],"shouldDisplayMessage":false,"stepsCount":0,"attachmentsCount":2,"hasContent":true,"attachmentStep":false},{"name":"Create NewProjectDescription(id=test_pnUjwwUECI, name=test_XBaLBiZTMf, parentProject=Project(id=null, name=null, locator=_Root))","time":{"start":1743449748751,"stop":1743449748876,"duration":125},"status":"passed","steps":[],"attachments":[{"uid":"fc6c06d75c7b5d68","name":"Request","source":"fc6c06d75c7b5d68.html","type":"text/html","size":1153},{"uid":"93889a94012de717","name":"HTTP/1.1 200 ","source":"93889a94012de717.html","type":"text/html","size":2225}],"parameters":[{"name":"model","value":"NewProjectDescription(id=test_pnUjwwUECI, name=test_XBaLBiZTMf, parentProject=Project(id=null, name=null, locator=_Root))"}],"shouldDisplayMessage":false,"stepsCount":0,"attachmentsCount":2,"hasContent":true,"attachmentStep":false},{"name":"Create User(id=null, username=test_oduxMtWrzP, email=test_qCFzVTJDuD, password=test_EMhrHErHvf, roles=Roles(role=[Role(roleId=SYSTEM_ADMIN, scope=g)]))","time":{"start":1743449748894,"stop":1743449749032,"duration":138},"status":"passed","steps":[],"attachments":[{"uid":"145d5d650029acb9","name":"Request","source":"145d5d650029acb9.html","type":"text/html","size":1443},{"uid":"30a59c17abfd1e69","name":"HTTP/1.1 200 ","source":"30a59c17abfd1e69.html","type":"text/html","size":2140}],"parameters":[{"name":"model","value":"User(id=null, username=test_oduxMtWrzP, email=test_qCFzVTJDuD, password=test_EMhrHErHvf, roles=Roles(role=[Role(roleId=SYSTEM_ADMIN, scope=g)]))"}],"shouldDisplayMessage":false,"stepsCount":0,"attachmentsCount":2,"hasContent":true,"attachmentStep":false},{"name":"Create BuildType(id=test_VmCPDzpDSW, name=test_uuIBzdApmM, project=Project(id=test_pnUjwwUECI, name=test_XBaLBiZTMf, locator=null), steps=null)","time":{"start":1743449749037,"stop":1743449749116,"duration":79},"status":"passed","steps":[],"attachments":[{"uid":"d889ecfe4088e38d","name":"Request","source":"d889ecfe4088e38d.html","type":"text/html","size":1269},{"uid":"9861fda861283ef4","name":"HTTP/1.1 200 ","source":"9861fda861283ef4.html","type":"text/html","size":2946}],"parameters":[{"name":"model","value":"BuildType(id=test_VmCPDzpDSW, name=test_uuIBzdApmM, project=Project(id=test_pnUjwwUECI, name=test_XBaLBiZTMf, locator=null), steps=null)"}],"shouldDisplayMessage":false,"stepsCount":0,"attachmentsCount":2,"hasContent":true,"attachmentStep":false},{"name":"Search models","time":{"start":1743449749130,"stop":1743449749176,"duration":46},"status":"passed","steps":[],"attachments":[{"uid":"8a4a3181082390b4","name":"Request","source":"8a4a3181082390b4.html","type":"text/html","size":550},{"uid":"a64c207125217d6d","name":"HTTP/1.1 200 ","source":"a64c207125217d6d.html","type":"text/html","size":1831}],"parameters":[],"shouldDisplayMessage":false,"stepsCount":0,"attachmentsCount":2,"hasContent":true,"attachmentStep":false},{"name":"Search models","time":{"start":1743449749258,"stop":1743449749326,"duration":68},"status":"passed","steps":[],"attachments":[{"uid":"ad9d290e863c3678","name":"Request","source":"ad9d290e863c3678.html","type":"text/html","size":544},{"uid":"20d742bebf5eec2f","name":"HTTP/1.1 200 ","source":"20d742bebf5eec2f.html","type":"text/html","size":988}],"parameters":[],"shouldDisplayMessage":false,"stepsCount":0,"attachmentsCount":2,"hasContent":true,"attachmentStep":false},{"name":"Search models","time":{"start":1743449749381,"stop":1743449749438,"duration":57},"status":"passed","steps":[],"attachments":[{"uid":"243ea7139ba075f0","name":"Request","source":"243ea7139ba075f0.html","type":"text/html","size":554},{"uid":"9eb9023f93028023","name":"HTTP/1.1 200 ","source":"9eb9023f93028023.html","type":"text/html","size":703}],"parameters":[],"shouldDisplayMessage":false,"stepsCount":0,"attachmentsCount":2,"hasContent":true,"attachmentStep":false},{"name":"assertThat '[<Root project>, test_XBaLBiZTMf, test_vknSnzBCaH]'","time":{"start":1743449752405,"stop":1743449752405,"duration":0},"status":"passed","steps":[],"attachments":[],"parameters":[],"shouldDisplayMessage":false,"stepsCount":0,"attachmentsCount":0,"hasContent":false,"attachmentStep":false},{"name":"as 'projects []'","time":{"start":1743449752414,"stop":1743449752418,"duration":4},"status":"passed","steps":[{"name":"as 'projects []'","time":{"start":1743449752414,"stop":1743449752418,"duration":4},"status":"passed","steps":[{"name":"describedAs 'projects []'","time":{"start":1743449752414,"stop":1743449752418,"duration":4},"status":"passed","steps":[{"name":"describedAs 'projects []'","time":{"start":1743449752414,"stop":1743449752418,"duration":4},"status":"passed","steps":[{"name":"describedAs 'projects'","time":{"start":1743449752418,"stop":1743449752418,"duration":0},"status":"passed","steps":[{"name":"describedAs 'projects'","time":{"start":1743449752418,"stop":1743449752418,"duration":0},"status":"passed","steps":[{"name":"describedAs 'projects'","time":{"start":1743449752418,"stop":1743449752418,"duration":0},"status":"passed","steps":[],"attachments":[],"parameters":[],"shouldDisplayMessage":false,"stepsCount":0,"attachmentsCount":0,"hasContent":false,"attachmentStep":false}],"attachments":[],"parameters":[],"shouldDisplayMessage":false,"stepsCount":1,"attachmentsCount":0,"hasContent":true,"attachmentStep":false}],"attachments":[],"parameters":[],"shouldDisplayMessage":false,"stepsCount":2,"attachmentsCount":0,"hasContent":true,"attachmentStep":false}],"attachments":[],"parameters":[],"shouldDisplayMessage":false,"stepsCount":3,"attachmentsCount":0,"hasContent":true,"attachmentStep":false}],"attachments":[],"parameters":[],"shouldDisplayMessage":false,"stepsCount":4,"attachmentsCount":0,"hasContent":true,"attachmentStep":false}],"attachments":[],"parameters":[],"shouldDisplayMessage":false,"stepsCount":5,"attachmentsCount":0,"hasContent":true,"attachmentStep":false}],"attachments":[],"parameters":[],"shouldDisplayMessage":false,"stepsCount":6,"attachmentsCount":0,"hasContent":true,"attachmentStep":false},{"name":"hasSize '4'","time":{"start":1743449752426,"stop":1743449752452,"duration":26},"status":"passed","steps":[{"name":"hasSize$accessor$abOpS9Pq '4'","time":{"start":1743449752426,"stop":1743449752447,"duration":21},"status":"failed","statusMessage":"[projects] \nExpected size: 4 but was: 3 in:\n[\"<Root project>\", \"test_XBaLBiZTMf\", \"test_vknSnzBCaH\"]","statusTrace":"java.lang.AssertionError: [projects] \nExpected size: 4 but was: 3 in:\n[\"<Root project>\", \"test_XBaLBiZTMf\", \"test_vknSnzBCaH\"]\n\tat com.teamcity.api.SearchTest.searchTest(SearchTest.java:47)\n\tat java.base/jdk.internal.reflect.DirectMethodHandleAccessor.invoke(DirectMethodHandleAccessor.java:103)\n\tat java.base/java.lang.reflect.Method.invoke(Method.java:580)\n\tat org.testng.internal.invokers.MethodInvocationHelper.invokeMethod(MethodInvocationHelper.java:141)\n\tat org.testng.internal.invokers.MethodInvocationHelper$1.runTestMethod(MethodInvocationHelper.java:260)\n\tat com.teamcity.BaseTest.run(BaseTest.java:51)\n\tat org.testng.internal.invokers.MethodInvocationHelper.invokeHookable(MethodInvocationHelper.java:274)\n\tat org.testng.internal.invokers.TestInvoker.invokeMethod(TestInvoker.java:679)\n\tat org.testng.internal.invokers.TestInvoker.invokeTestMethod(TestInvoker.java:230)\n\tat org.testng.internal.invokers.MethodRunner.runInSequence(MethodRunner.java:63)\n\tat org.testng.internal.invokers.TestInvoker$MethodInvocationAgent.invoke(TestInvoker.java:995)\n\tat org.testng.internal.invokers.TestInvoker.invokeTestMethods(TestInvoker.java:203)\n\tat org.testng.internal.invokers.TestMethodWorker.invokeTestMethods(TestMethodWorker.java:154)\n\tat org.testng.internal.invokers.TestMethodWorker.run(TestMethodWorker.java:134)\n\tat java.base/java.util.concurrent.Executors$RunnableAdapter.call(Executors.java:572)\n\tat java.base/java.util.concurrent.FutureTask.run(FutureTask.java:317)\n\tat org.testng.internal.thread.graph.TestNGFutureTask.run(TestNGFutureTask.java:22)\n\tat java.base/java.util.concurrent.ThreadPoolExecutor.runWorker(ThreadPoolExecutor.java:1144)\n\tat java.base/java.util.concurrent.ThreadPoolExecutor$Worker.run(ThreadPoolExecutor.java:642)\n\tat java.base/java.lang.Thread.run(Thread.java:1583)\n","steps":[{"name":"hasSize '4'","time":{"start":1743449752427,"stop":1743449752447,"duration":20},"status":"failed","statusMessage":"[projects] \nExpected size: 4 but was: 3 in:\n[\"<Root project>\", \"test_XBaLBiZTMf\", \"test_vknSnzBCaH\"]","statusTrace":"java.lang.AssertionError: [projects] \nExpected size: 4 but was: 3 in:\n[\"<Root project>\", \"test_XBaLBiZTMf\", \"test_vknSnzBCaH\"]\n\tat com.teamcity.api.SearchTest.searchTest(SearchTest.java:47)\n\tat java.base/jdk.internal.reflect.DirectMethodHandleAccessor.invoke(DirectMethodHandleAccessor.java:103)\n\tat java.base/java.lang.reflect.Method.invoke(Method.java:580)\n\tat org.testng.internal.invokers.MethodInvocationHelper.invokeMethod(MethodInvocationHelper.java:141)\n\tat org.testng.internal.invokers.MethodInvocationHelper$1.runTestMethod(MethodInvocationHelper.java:260)\n\tat com.teamcity.BaseTest.run(BaseTest.java:51)\n\tat org.testng.internal.invokers.MethodInvocationHelper.invokeHookable(MethodInvocationHelper.java:274)\n\tat org.testng.internal.invokers.TestInvoker.invokeMethod(TestInvoker.java:679)\n\tat org.testng.internal.invokers.TestInvoker.invokeTestMethod(TestInvoker.java:230)\n\tat org.testng.internal.invokers.MethodRunner.runInSequence(MethodRunner.java:63)\n\tat org.testng.internal.invokers.TestInvoker$MethodInvocationAgent.invoke(TestInvoker.java:995)\n\tat org.testng.internal.invokers.TestInvoker.invokeTestMethods(TestInvoker.java:203)\n\tat org.testng.internal.invokers.TestMethodWorker.invokeTestMethods(TestMethodWorker.java:154)\n\tat org.testng.internal.invokers.TestMethodWorker.run(TestMethodWorker.java:134)\n\tat java.base/java.util.concurrent.Executors$RunnableAdapter.call(Executors.java:572)\n\tat java.base/java.util.concurrent.FutureTask.run(FutureTask.java:317)\n\tat org.testng.internal.thread.graph.TestNGFutureTask.run(TestNGFutureTask.java:22)\n\tat java.base/java.util.concurrent.ThreadPoolExecutor.runWorker(ThreadPoolExecutor.java:1144)\n\tat java.base/java.util.concurrent.ThreadPoolExecutor$Worker.run(ThreadPoolExecutor.java:642)\n\tat java.base/java.lang.Thread.run(Thread.java:1583)\n","steps":[],"attachments":[],"parameters":[],"shouldDisplayMessage":true,"stepsCount":0,"attachmentsCount":0,"hasContent":true,"attachmentStep":false}],"attachments":[],"parameters":[],"shouldDisplayMessage":false,"stepsCount":1,"attachmentsCount":0,"hasContent":true,"attachmentStep":false}],"attachments":[],"parameters":[],"shouldDisplayMessage":false,"stepsCount":2,"attachmentsCount":0,"hasContent":true,"attachmentStep":false},{"name":"containsAll '[test_HeDScOVQvt, test_vknSnzBCaH, test_XBaLBiZTMf]'","time":{"start":1743449752452,"stop":1743449752467,"duration":15},"status":"passed","steps":[{"name":"containsAll$accessor$abOpS9Pq '[test_HeDScOVQvt, test_vknSnzBCaH, test_XBaLBiZTMf]'","time":{"start":1743449752453,"stop":1743449752467,"duration":14},"status":"failed","statusMessage":"[projects] \nExpecting ListN:\n  [\"<Root project>\", \"test_XBaLBiZTMf\", \"test_vknSnzBCaH\"]\nto contain:\n  [\"test_HeDScOVQvt\", \"test_vknSnzBCaH\", \"test_XBaLBiZTMf\"]\nbut could not find the following element(s):\n  [\"test_HeDScOVQvt\"]\n","statusTrace":"java.lang.AssertionError: [projects] \nExpecting ListN:\n  [\"<Root project>\", \"test_XBaLBiZTMf\", \"test_vknSnzBCaH\"]\nto contain:\n  [\"test_HeDScOVQvt\", \"test_vknSnzBCaH\", \"test_XBaLBiZTMf\"]\nbut could not find the following element(s):\n  [\"test_HeDScOVQvt\"]\n\n\tat com.teamcity.api.SearchTest.searchTest(SearchTest.java:47)\n\tat java.base/jdk.internal.reflect.DirectMethodHandleAccessor.invoke(DirectMethodHandleAccessor.java:103)\n\tat java.base/java.lang.reflect.Method.invoke(Method.java:580)\n\tat org.testng.internal.invokers.MethodInvocationHelper.invokeMethod(MethodInvocationHelper.java:141)\n\tat org.testng.internal.invokers.MethodInvocationHelper$1.runTestMethod(MethodInvocationHelper.java:260)\n\tat com.teamcity.BaseTest.run(BaseTest.java:51)\n\tat org.testng.internal.invokers.MethodInvocationHelper.invokeHookable(MethodInvocationHelper.java:274)\n\tat org.testng.internal.invokers.TestInvoker.invokeMethod(TestInvoker.java:679)\n\tat org.testng.internal.invokers.TestInvoker.invokeTestMethod(TestInvoker.java:230)\n\tat org.testng.internal.invokers.MethodRunner.runInSequence(MethodRunner.java:63)\n\tat org.testng.internal.invokers.TestInvoker$MethodInvocationAgent.invoke(TestInvoker.java:995)\n\tat org.testng.internal.invokers.TestInvoker.invokeTestMethods(TestInvoker.java:203)\n\tat org.testng.internal.invokers.TestMethodWorker.invokeTestMethods(TestMethodWorker.java:154)\n\tat org.testng.internal.invokers.TestMethodWorker.run(TestMethodWorker.java:134)\n\tat java.base/java.util.concurrent.Executors$RunnableAdapter.call(Executors.java:572)\n\tat java.base/java.util.concurrent.FutureTask.run(FutureTask.java:317)\n\tat org.testng.internal.thread.graph.TestNGFutureTask.run(TestNGFutureTask.java:22)\n\tat java.base/java.util.concurrent.ThreadPoolExecutor.runWorker(ThreadPoolExecutor.java:1144)\n\tat java.base/java.util.concurrent.ThreadPoolExecutor$Worker.run(ThreadPoolExecutor.java:642)\n\tat java.base/java.lang.Thread.run(Thread.java:1583)\n","steps":[{"name":"containsAll '[test_HeDScOVQvt, test_vknSnzBCaH, test_XBaLBiZTMf]'","time":{"start":1743449752453,"stop":1743449752464,"duration":11},"status":"failed","statusMessage":"[projects] \nExpecting ListN:\n  [\"<Root project>\", \"test_XBaLBiZTMf\", \"test_vknSnzBCaH\"]\nto contain:\n  [\"test_HeDScOVQvt\", \"test_vknSnzBCaH\", \"test_XBaLBiZTMf\"]\nbut could not find the following element(s):\n  [\"test_HeDScOVQvt\"]\n","statusTrace":"java.lang.AssertionError: [projects] \nExpecting ListN:\n  [\"<Root project>\", \"test_XBaLBiZTMf\", \"test_vknSnzBCaH\"]\nto contain:\n  [\"test_HeDScOVQvt\", \"test_vknSnzBCaH\", \"test_XBaLBiZTMf\"]\nbut could not find the following element(s):\n  [\"test_HeDScOVQvt\"]\n\n\tat com.teamcity.api.SearchTest.searchTest(SearchTest.java:47)\n\tat java.base/jdk.internal.reflect.DirectMethodHandleAccessor.invoke(DirectMethodHandleAccessor.java:103)\n\tat java.base/java.lang.reflect.Method.invoke(Method.java:580)\n\tat org.testng.internal.invokers.MethodInvocationHelper.invokeMethod(MethodInvocationHelper.java:141)\n\tat org.testng.internal.invokers.MethodInvocationHelper$1.runTestMethod(MethodInvocationHelper.java:260)\n\tat com.teamcity.BaseTest.run(BaseTest.java:51)\n\tat org.testng.internal.invokers.MethodInvocationHelper.invokeHookable(MethodInvocationHelper.java:274)\n\tat org.testng.internal.invokers.TestInvoker.invokeMethod(TestInvoker.java:679)\n\tat org.testng.internal.invokers.TestInvoker.invokeTestMethod(TestInvoker.java:230)\n\tat org.testng.internal.invokers.MethodRunner.runInSequence(MethodRunner.java:63)\n\tat org.testng.internal.invokers.TestInvoker$MethodInvocationAgent.invoke(TestInvoker.java:995)\n\tat org.testng.internal.invokers.TestInvoker.invokeTestMethods(TestInvoker.java:203)\n\tat org.testng.internal.invokers.TestMethodWorker.invokeTestMethods(TestMethodWorker.java:154)\n\tat org.testng.internal.invokers.TestMethodWorker.run(TestMethodWorker.java:134)\n\tat java.base/java.util.concurrent.Executors$RunnableAdapter.call(Executors.java:572)\n\tat java.base/java.util.concurrent.FutureTask.run(FutureTask.java:317)\n\tat org.testng.internal.thread.graph.TestNGFutureTask.run(TestNGFutureTask.java:22)\n\tat java.base/java.util.concurrent.ThreadPoolExecutor.runWorker(ThreadPoolExecutor.java:1144)\n\tat java.base/java.util.concurrent.ThreadPoolExecutor$Worker.run(ThreadPoolExecutor.java:642)\n\tat java.base/java.lang.Thread.run(Thread.java:1583)\n","steps":[],"attachments":[],"parameters":[],"shouldDisplayMessage":true,"stepsCount":0,"attachmentsCount":0,"hasContent":true,"attachmentStep":false}],"attachments":[],"parameters":[],"shouldDisplayMessage":false,"stepsCount":1,"attachmentsCount":0,"hasContent":true,"attachmentStep":false}],"attachments":[],"parameters":[],"shouldDisplayMessage":false,"stepsCount":2,"attachmentsCount":0,"hasContent":true,"attachmentStep":false},{"name":"assertThat '[test_hzqvrtwrhc, test_oduxmtwrzp]'","time":{"start":1743449752467,"stop":1743449752468,"duration":1},"status":"passed","steps":[],"attachments":[],"parameters":[],"shouldDisplayMessage":false,"stepsCount":0,"attachmentsCount":0,"hasContent":false,"attachmentStep":false},{"name":"as 'users []'","time":{"start":1743449752468,"stop":1743449752468,"duration":0},"status":"passed","steps":[{"name":"as 'users []'","time":{"start":1743449752468,"stop":1743449752468,"duration":0},"status":"passed","steps":[{"name":"describedAs 'users []'","time":{"start":1743449752468,"stop":1743449752468,"duration":0},"status":"passed","steps":[{"name":"describedAs 'users []'","time":{"start":1743449752468,"stop":1743449752468,"duration":0},"status":"passed","steps":[{"name":"describedAs 'users'","time":{"start":1743449752468,"stop":1743449752468,"duration":0},"status":"passed","steps":[{"name":"describedAs 'users'","time":{"start":1743449752468,"stop":1743449752468,"duration":0},"status":"passed","steps":[{"name":"describedAs 'users'","time":{"start":1743449752468,"stop":1743449752468,"duration":0},"status":"passed","steps":[],"attachments":[],"parameters":[],"shouldDisplayMessage":false,"stepsCount":0,"attachmentsCount":0,"hasContent":false,"attachmentStep":false}],"attachments":[],"parameters":[],"shouldDisplayMessage":false,"stepsCount":1,"attachmentsCount":0,"hasContent":true,"attachmentStep":false}],"attachments":[],"parameters":[],"shouldDisplayMessage":false,"stepsCount":2,"attachmentsCount":0,"hasContent":true,"attachmentStep":false}],"attachments":[],"parameters":[],"shouldDisplayMessage":false,"stepsCount":3,"attachmentsCount":0,"hasContent":true,"attachmentStep":false}],"attachments":[],"parameters":[],"shouldDisplayMessage":false,"stepsCount":4,"attachmentsCount":0,"hasContent":true,"attachmentStep":false}],"attachments":[],"parameters":[],"shouldDisplayMessage":false,"stepsCount":5,"attachmentsCount":0,"hasContent":true,"attachmentStep":false}],"attachments":[],"parameters":[],"shouldDisplayMessage":false,"stepsCount":6,"attachmentsCount":0,"hasContent":true,"attachmentStep":false},{"name":"hasSize '4'","time":{"start":1743449752468,"stop":1743449752468,"duration":0},"status":"passed","steps":[{"name":"hasSize$accessor$abOpS9Pq '4'","time":{"start":1743449752468,"stop":1743449752468,"duration":0},"status":"failed","statusMessage":"[users] \nExpected size: 4 but was: 2 in:\n[\"test_hzqvrtwrhc\", \"test_oduxmtwrzp\"]","statusTrace":"java.lang.AssertionError: [users] \nExpected size: 4 but was: 2 in:\n[\"test_hzqvrtwrhc\", \"test_oduxmtwrzp\"]\n\tat com.teamcity.api.SearchTest.searchTest(SearchTest.java:49)\n\tat java.base/jdk.internal.reflect.DirectMethodHandleAccessor.invoke(DirectMethodHandleAccessor.java:103)\n\tat java.base/java.lang.reflect.Method.invoke(Method.java:580)\n\tat org.testng.internal.invokers.MethodInvocationHelper.invokeMethod(MethodInvocationHelper.java:141)\n\tat org.testng.internal.invokers.MethodInvocationHelper$1.runTestMethod(MethodInvocationHelper.java:260)\n\tat com.teamcity.BaseTest.run(BaseTest.java:51)\n\tat org.testng.internal.invokers.MethodInvocationHelper.invokeHookable(MethodInvocationHelper.java:274)\n\tat org.testng.internal.invokers.TestInvoker.invokeMethod(TestInvoker.java:679)\n\tat org.testng.internal.invokers.TestInvoker.invokeTestMethod(TestInvoker.java:230)\n\tat org.testng.internal.invokers.MethodRunner.runInSequence(MethodRunner.java:63)\n\tat org.testng.internal.invokers.TestInvoker$MethodInvocationAgent.invoke(TestInvoker.java:995)\n\tat org.testng.internal.invokers.TestInvoker.invokeTestMethods(TestInvoker.java:203)\n\tat org.testng.internal.invokers.TestMethodWorker.invokeTestMethods(TestMethodWorker.java:154)\n\tat org.testng.internal.invokers.TestMethodWorker.run(TestMethodWorker.java:134)\n\tat java.base/java.util.concurrent.Executors$RunnableAdapter.call(Executors.java:572)\n\tat java.base/java.util.concurrent.FutureTask.run(FutureTask.java:317)\n\tat org.testng.internal.thread.graph.TestNGFutureTask.run(TestNGFutureTask.java:22)\n\tat java.base/java.util.concurrent.ThreadPoolExecutor.runWorker(ThreadPoolExecutor.java:1144)\n\tat java.base/java.util.concurrent.ThreadPoolExecutor$Worker.run(ThreadPoolExecutor.java:642)\n\tat java.base/java.lang.Thread.run(Thread.java:1583)\n","steps":[{"name":"hasSize '4'","time":{"start":1743449752468,"stop":1743449752468,"duration":0},"status":"failed","statusMessage":"[users] \nExpected size: 4 but was: 2 in:\n[\"test_hzqvrtwrhc\", \"test_oduxmtwrzp\"]","statusTrace":"java.lang.AssertionError: [users] \nExpected size: 4 but was: 2 in:\n[\"test_hzqvrtwrhc\", \"test_oduxmtwrzp\"]\n\tat com.teamcity.api.SearchTest.searchTest(SearchTest.java:49)\n\tat java.base/jdk.internal.reflect.DirectMethodHandleAccessor.invoke(DirectMethodHandleAccessor.java:103)\n\tat java.base/java.lang.reflect.Method.invoke(Method.java:580)\n\tat org.testng.internal.invokers.MethodInvocationHelper.invokeMethod(MethodInvocationHelper.java:141)\n\tat org.testng.internal.invokers.MethodInvocationHelper$1.runTestMethod(MethodInvocationHelper.java:260)\n\tat com.teamcity.BaseTest.run(BaseTest.java:51)\n\tat org.testng.internal.invokers.MethodInvocationHelper.invokeHookable(MethodInvocationHelper.java:274)\n\tat org.testng.internal.invokers.TestInvoker.invokeMethod(TestInvoker.java:679)\n\tat org.testng.internal.invokers.TestInvoker.invokeTestMethod(TestInvoker.java:230)\n\tat org.testng.internal.invokers.MethodRunner.runInSequence(MethodRunner.java:63)\n\tat org.testng.internal.invokers.TestInvoker$MethodInvocationAgent.invoke(TestInvoker.java:995)\n\tat org.testng.internal.invokers.TestInvoker.invokeTestMethods(TestInvoker.java:203)\n\tat org.testng.internal.invokers.TestMethodWorker.invokeTestMethods(TestMethodWorker.java:154)\n\tat org.testng.internal.invokers.TestMethodWorker.run(TestMethodWorker.java:134)\n\tat java.base/java.util.concurrent.Executors$RunnableAdapter.call(Executors.java:572)\n\tat java.base/java.util.concurrent.FutureTask.run(FutureTask.java:317)\n\tat org.testng.internal.thread.graph.TestNGFutureTask.run(TestNGFutureTask.java:22)\n\tat java.base/java.util.concurrent.ThreadPoolExecutor.runWorker(ThreadPoolExecutor.java:1144)\n\tat java.base/java.util.concurrent.ThreadPoolExecutor$Worker.run(ThreadPoolExecutor.java:642)\n\tat java.base/java.lang.Thread.run(Thread.java:1583)\n","steps":[],"attachments":[],"parameters":[],"shouldDisplayMessage":true,"stepsCount":0,"attachmentsCount":0,"hasContent":true,"attachmentStep":false}],"attachments":[],"parameters":[],"shouldDisplayMessage":false,"stepsCount":1,"attachmentsCount":0,"hasContent":true,"attachmentStep":false}],"attachments":[],"parameters":[],"shouldDisplayMessage":false,"stepsCount":2,"attachmentsCount":0,"hasContent":true,"attachmentStep":false},{"name":"containsAll '[test_tihxmriuno, test_dddqbsxjhn, test_oduxmtwrzp]'","time":{"start":1743449752468,"stop":1743449752474,"duration":6},"status":"passed","steps":[{"name":"containsAll$accessor$abOpS9Pq '[test_tihxmriuno, test_dddqbsxjhn, test_oduxmtwrzp]'","time":{"start":1743449752468,"stop":1743449752474,"duration":6},"status":"failed","statusMessage":"[users] \nExpecting ListN:\n  [\"test_hzqvrtwrhc\", \"test_oduxmtwrzp\"]\nto contain:\n  [\"test_tihxmriuno\", \"test_dddqbsxjhn\", \"test_oduxmtwrzp\"]\nbut could not find the following element(s):\n  [\"test_tihxmriuno\", \"test_dddqbsxjhn\"]\n","statusTrace":"java.lang.AssertionError: [users] \nExpecting ListN:\n  [\"test_hzqvrtwrhc\", \"test_oduxmtwrzp\"]\nto contain:\n  [\"test_tihxmriuno\", \"test_dddqbsxjhn\", \"test_oduxmtwrzp\"]\nbut could not find the following element(s):\n  [\"test_tihxmriuno\", \"test_dddqbsxjhn\"]\n\n\tat com.teamcity.api.SearchTest.searchTest(SearchTest.java:49)\n\tat java.base/jdk.internal.reflect.DirectMethodHandleAccessor.invoke(DirectMethodHandleAccessor.java:103)\n\tat java.base/java.lang.reflect.Method.invoke(Method.java:580)\n\tat org.testng.internal.invokers.MethodInvocationHelper.invokeMethod(MethodInvocationHelper.java:141)\n\tat org.testng.internal.invokers.MethodInvocationHelper$1.runTestMethod(MethodInvocationHelper.java:260)\n\tat com.teamcity.BaseTest.run(BaseTest.java:51)\n\tat org.testng.internal.invokers.MethodInvocationHelper.invokeHookable(MethodInvocationHelper.java:274)\n\tat org.testng.internal.invokers.TestInvoker.invokeMethod(TestInvoker.java:679)\n\tat org.testng.internal.invokers.TestInvoker.invokeTestMethod(TestInvoker.java:230)\n\tat org.testng.internal.invokers.MethodRunner.runInSequence(MethodRunner.java:63)\n\tat org.testng.internal.invokers.TestInvoker$MethodInvocationAgent.invoke(TestInvoker.java:995)\n\tat org.testng.internal.invokers.TestInvoker.invokeTestMethods(TestInvoker.java:203)\n\tat org.testng.internal.invokers.TestMethodWorker.invokeTestMethods(TestMethodWorker.java:154)\n\tat org.testng.internal.invokers.TestMethodWorker.run(TestMethodWorker.java:134)\n\tat java.base/java.util.concurrent.Executors$RunnableAdapter.call(Executors.java:572)\n\tat java.base/java.util.concurrent.FutureTask.run(FutureTask.java:317)\n\tat org.testng.internal.thread.graph.TestNGFutureTask.run(TestNGFutureTask.java:22)\n\tat java.base/java.util.concurrent.ThreadPoolExecutor.runWorker(ThreadPoolExecutor.java:1144)\n\tat java.base/java.util.concurrent.ThreadPoolExecutor$Worker.run(ThreadPoolExecutor.java:642)\n\tat java.base/java.lang.Thread.run(Thread.java:1583)\n","steps":[{"name":"containsAll '[test_tihxmriuno, test_dddqbsxjhn, test_oduxmtwrzp]'","time":{"start":1743449752468,"stop":1743449752474,"duration":6},"status":"failed","statusMessage":"[users] \nExpecting ListN:\n  [\"test_hzqvrtwrhc\", \"test_oduxmtwrzp\"]\nto contain:\n  [\"test_tihxmriuno\", \"test_dddqbsxjhn\", \"test_oduxmtwrzp\"]\nbut could not find the following element(s):\n  [\"test_tihxmriuno\", \"test_dddqbsxjhn\"]\n","statusTrace":"java.lang.AssertionError: [users] \nExpecting ListN:\n  [\"test_hzqvrtwrhc\", \"test_oduxmtwrzp\"]\nto contain:\n  [\"test_tihxmriuno\", \"test_dddqbsxjhn\", \"test_oduxmtwrzp\"]\nbut could not find the following element(s):\n  [\"test_tihxmriuno\", \"test_dddqbsxjhn\"]\n\n\tat com.teamcity.api.SearchTest.searchTest(SearchTest.java:49)\n\tat java.base/jdk.internal.reflect.DirectMethodHandleAccessor.invoke(DirectMethodHandleAccessor.java:103)\n\tat java.base/java.lang.reflect.Method.invoke(Method.java:580)\n\tat org.testng.internal.invokers.MethodInvocationHelper.invokeMethod(MethodInvocationHelper.java:141)\n\tat org.testng.internal.invokers.MethodInvocationHelper$1.runTestMethod(MethodInvocationHelper.java:260)\n\tat com.teamcity.BaseTest.run(BaseTest.java:51)\n\tat org.testng.internal.invokers.MethodInvocationHelper.invokeHookable(MethodInvocationHelper.java:274)\n\tat org.testng.internal.invokers.TestInvoker.invokeMethod(TestInvoker.java:679)\n\tat org.testng.internal.invokers.TestInvoker.invokeTestMethod(TestInvoker.java:230)\n\tat org.testng.internal.invokers.MethodRunner.runInSequence(MethodRunner.java:63)\n\tat org.testng.internal.invokers.TestInvoker$MethodInvocationAgent.invoke(TestInvoker.java:995)\n\tat org.testng.internal.invokers.TestInvoker.invokeTestMethods(TestInvoker.java:203)\n\tat org.testng.internal.invokers.TestMethodWorker.invokeTestMethods(TestMethodWorker.java:154)\n\tat org.testng.internal.invokers.TestMethodWorker.run(TestMethodWorker.java:134)\n\tat java.base/java.util.concurrent.Executors$RunnableAdapter.call(Executors.java:572)\n\tat java.base/java.util.concurrent.FutureTask.run(FutureTask.java:317)\n\tat org.testng.internal.thread.graph.TestNGFutureTask.run(TestNGFutureTask.java:22)\n\tat java.base/java.util.concurrent.ThreadPoolExecutor.runWorker(ThreadPoolExecutor.java:1144)\n\tat java.base/java.util.concurrent.ThreadPoolExecutor$Worker.run(ThreadPoolExecutor.java:642)\n\tat java.base/java.lang.Thread.run(Thread.java:1583)\n","steps":[],"attachments":[],"parameters":[],"shouldDisplayMessage":true,"stepsCount":0,"attachmentsCount":0,"hasContent":true,"attachmentStep":false}],"attachments":[],"parameters":[],"shouldDisplayMessage":false,"stepsCount":1,"attachmentsCount":0,"hasContent":true,"attachmentStep":false}],"attachments":[],"parameters":[],"shouldDisplayMessage":false,"stepsCount":2,"attachmentsCount":0,"hasContent":true,"attachmentStep":false},{"name":"assertThat '[]'","time":{"start":1743449752474,"stop":1743449752474,"duration":0},"status":"passed","steps":[],"attachments":[],"parameters":[],"shouldDisplayMessage":false,"stepsCount":0,"attachmentsCount":0,"hasContent":false,"attachmentStep":false},{"name":"as 'buildTypes []'","time":{"start":1743449752475,"stop":1743449752475,"duration":0},"status":"passed","steps":[{"name":"as 'buildTypes []'","time":{"start":1743449752475,"stop":1743449752475,"duration":0},"status":"passed","steps":[{"name":"describedAs 'buildTypes []'","time":{"start":1743449752475,"stop":1743449752475,"duration":0},"status":"passed","steps":[{"name":"describedAs 'buildTypes []'","time":{"start":1743449752475,"stop":1743449752475,"duration":0},"status":"passed","steps":[{"name":"describedAs 'buildTypes'","time":{"start":1743449752475,"stop":1743449752475,"duration":0},"status":"passed","steps":[{"name":"describedAs 'buildTypes'","time":{"start":1743449752475,"stop":1743449752475,"duration":0},"status":"passed","steps":[{"name":"describedAs 'buildTypes'","time":{"start":1743449752475,"stop":1743449752475,"duration":0},"status":"passed","steps":[],"attachments":[],"parameters":[],"shouldDisplayMessage":false,"stepsCount":0,"attachmentsCount":0,"hasContent":false,"attachmentStep":false}],"attachments":[],"parameters":[],"shouldDisplayMessage":false,"stepsCount":1,"attachmentsCount":0,"hasContent":true,"attachmentStep":false}],"attachments":[],"parameters":[],"shouldDisplayMessage":false,"stepsCount":2,"attachmentsCount":0,"hasContent":true,"attachmentStep":false}],"attachments":[],"parameters":[],"shouldDisplayMessage":false,"stepsCount":3,"attachmentsCount":0,"hasContent":true,"attachmentStep":false}],"attachments":[],"parameters":[],"shouldDisplayMessage":false,"stepsCount":4,"attachmentsCount":0,"hasContent":true,"attachmentStep":false}],"attachments":[],"parameters":[],"shouldDisplayMessage":false,"stepsCount":5,"attachmentsCount":0,"hasContent":true,"attachmentStep":false}],"attachments":[],"parameters":[],"shouldDisplayMessage":false,"stepsCount":6,"attachmentsCount":0,"hasContent":true,"attachmentStep":false},{"name":"hasSize '3'","time":{"start":1743449752475,"stop":1743449752475,"duration":0},"status":"passed","steps":[{"name":"hasSize$accessor$abOpS9Pq '3'","time":{"start":1743449752475,"stop":1743449752475,"duration":0},"status":"failed","statusMessage":"[buildTypes] \nExpected size: 3 but was: 0 in:\n[]","statusTrace":"java.lang.AssertionError: [buildTypes] \nExpected size: 3 but was: 0 in:\n[]\n\tat com.teamcity.api.SearchTest.searchTest(SearchTest.java:51)\n\tat java.base/jdk.internal.reflect.DirectMethodHandleAccessor.invoke(DirectMethodHandleAccessor.java:103)\n\tat java.base/java.lang.reflect.Method.invoke(Method.java:580)\n\tat org.testng.internal.invokers.MethodInvocationHelper.invokeMethod(MethodInvocationHelper.java:141)\n\tat org.testng.internal.invokers.MethodInvocationHelper$1.runTestMethod(MethodInvocationHelper.java:260)\n\tat com.teamcity.BaseTest.run(BaseTest.java:51)\n\tat org.testng.internal.invokers.MethodInvocationHelper.invokeHookable(MethodInvocationHelper.java:274)\n\tat org.testng.internal.invokers.TestInvoker.invokeMethod(TestInvoker.java:679)\n\tat org.testng.internal.invokers.TestInvoker.invokeTestMethod(TestInvoker.java:230)\n\tat org.testng.internal.invokers.MethodRunner.runInSequence(MethodRunner.java:63)\n\tat org.testng.internal.invokers.TestInvoker$MethodInvocationAgent.invoke(TestInvoker.java:995)\n\tat org.testng.internal.invokers.TestInvoker.invokeTestMethods(TestInvoker.java:203)\n\tat org.testng.internal.invokers.TestMethodWorker.invokeTestMethods(TestMethodWorker.java:154)\n\tat org.testng.internal.invokers.TestMethodWorker.run(TestMethodWorker.java:134)\n\tat java.base/java.util.concurrent.Executors$RunnableAdapter.call(Executors.java:572)\n\tat java.base/java.util.concurrent.FutureTask.run(FutureTask.java:317)\n\tat org.testng.internal.thread.graph.TestNGFutureTask.run(TestNGFutureTask.java:22)\n\tat java.base/java.util.concurrent.ThreadPoolExecutor.runWorker(ThreadPoolExecutor.java:1144)\n\tat java.base/java.util.concurrent.ThreadPoolExecutor$Worker.run(ThreadPoolExecutor.java:642)\n\tat java.base/java.lang.Thread.run(Thread.java:1583)\n","steps":[{"name":"hasSize '3'","time":{"start":1743449752475,"stop":1743449752475,"duration":0},"status":"failed","statusMessage":"[buildTypes] \nExpected size: 3 but was: 0 in:\n[]","statusTrace":"java.lang.AssertionError: [buildTypes] \nExpected size: 3 but was: 0 in:\n[]\n\tat com.teamcity.api.SearchTest.searchTest(SearchTest.java:51)\n\tat java.base/jdk.internal.reflect.DirectMethodHandleAccessor.invoke(DirectMethodHandleAccessor.java:103)\n\tat java.base/java.lang.reflect.Method.invoke(Method.java:580)\n\tat org.testng.internal.invokers.MethodInvocationHelper.invokeMethod(MethodInvocationHelper.java:141)\n\tat org.testng.internal.invokers.MethodInvocationHelper$1.runTestMethod(MethodInvocationHelper.java:260)\n\tat com.teamcity.BaseTest.run(BaseTest.java:51)\n\tat org.testng.internal.invokers.MethodInvocationHelper.invokeHookable(MethodInvocationHelper.java:274)\n\tat org.testng.internal.invokers.TestInvoker.invokeMethod(TestInvoker.java:679)\n\tat org.testng.internal.invokers.TestInvoker.invokeTestMethod(TestInvoker.java:230)\n\tat org.testng.internal.invokers.MethodRunner.runInSequence(MethodRunner.java:63)\n\tat org.testng.internal.invokers.TestInvoker$MethodInvocationAgent.invoke(TestInvoker.java:995)\n\tat org.testng.internal.invokers.TestInvoker.invokeTestMethods(TestInvoker.java:203)\n\tat org.testng.internal.invokers.TestMethodWorker.invokeTestMethods(TestMethodWorker.java:154)\n\tat org.testng.internal.invokers.TestMethodWorker.run(TestMethodWorker.java:134)\n\tat java.base/java.util.concurrent.Executors$RunnableAdapter.call(Executors.java:572)\n\tat java.base/java.util.concurrent.FutureTask.run(FutureTask.java:317)\n\tat org.testng.internal.thread.graph.TestNGFutureTask.run(TestNGFutureTask.java:22)\n\tat java.base/java.util.concurrent.ThreadPoolExecutor.runWorker(ThreadPoolExecutor.java:1144)\n\tat java.base/java.util.concurrent.ThreadPoolExecutor$Worker.run(ThreadPoolExecutor.java:642)\n\tat java.base/java.lang.Thread.run(Thread.java:1583)\n","steps":[],"attachments":[],"parameters":[],"shouldDisplayMessage":true,"stepsCount":0,"attachmentsCount":0,"hasContent":true,"attachmentStep":false}],"attachments":[],"parameters":[],"shouldDisplayMessage":false,"stepsCount":1,"attachmentsCount":0,"hasContent":true,"attachmentStep":false}],"attachments":[],"parameters":[],"shouldDisplayMessage":false,"stepsCount":2,"attachmentsCount":0,"hasContent":true,"attachmentStep":false},{"name":"containsAll '[test_dQvuaehvaU, test_ajQIWpJquT, test_uuIBzdApmM]'","time":{"start":1743449752475,"stop":1743449752478,"duration":3},"status":"passed","steps":[{"name":"containsAll$accessor$abOpS9Pq '[test_dQvuaehvaU, test_ajQIWpJquT, test_uuIBzdApmM]'","time":{"start":1743449752475,"stop":1743449752476,"duration":1},"status":"failed","statusMessage":"[buildTypes] \nExpecting ListN:\n  []\nto contain:\n  [\"test_dQvuaehvaU\", \"test_ajQIWpJquT\", \"test_uuIBzdApmM\"]\nbut could not find the following element(s):\n  [\"test_dQvuaehvaU\", \"test_ajQIWpJquT\", \"test_uuIBzdApmM\"]\n","statusTrace":"java.lang.AssertionError: [buildTypes] \nExpecting ListN:\n  []\nto contain:\n  [\"test_dQvuaehvaU\", \"test_ajQIWpJquT\", \"test_uuIBzdApmM\"]\nbut could not find the following element(s):\n  [\"test_dQvuaehvaU\", \"test_ajQIWpJquT\", \"test_uuIBzdApmM\"]\n\n\tat com.teamcity.api.SearchTest.searchTest(SearchTest.java:51)\n\tat java.base/jdk.internal.reflect.DirectMethodHandleAccessor.invoke(DirectMethodHandleAccessor.java:103)\n\tat java.base/java.lang.reflect.Method.invoke(Method.java:580)\n\tat org.testng.internal.invokers.MethodInvocationHelper.invokeMethod(MethodInvocationHelper.java:141)\n\tat org.testng.internal.invokers.MethodInvocationHelper$1.runTestMethod(MethodInvocationHelper.java:260)\n\tat com.teamcity.BaseTest.run(BaseTest.java:51)\n\tat org.testng.internal.invokers.MethodInvocationHelper.invokeHookable(MethodInvocationHelper.java:274)\n\tat org.testng.internal.invokers.TestInvoker.invokeMethod(TestInvoker.java:679)\n\tat org.testng.internal.invokers.TestInvoker.invokeTestMethod(TestInvoker.java:230)\n\tat org.testng.internal.invokers.MethodRunner.runInSequence(MethodRunner.java:63)\n\tat org.testng.internal.invokers.TestInvoker$MethodInvocationAgent.invoke(TestInvoker.java:995)\n\tat org.testng.internal.invokers.TestInvoker.invokeTestMethods(TestInvoker.java:203)\n\tat org.testng.internal.invokers.TestMethodWorker.invokeTestMethods(TestMethodWorker.java:154)\n\tat org.testng.internal.invokers.TestMethodWorker.run(TestMethodWorker.java:134)\n\tat java.base/java.util.concurrent.Executors$RunnableAdapter.call(Executors.java:572)\n\tat java.base/java.util.concurrent.FutureTask.run(FutureTask.java:317)\n\tat org.testng.internal.thread.graph.TestNGFutureTask.run(TestNGFutureTask.java:22)\n\tat java.base/java.util.concurrent.ThreadPoolExecutor.runWorker(ThreadPoolExecutor.java:1144)\n\tat java.base/java.util.concurrent.ThreadPoolExecutor$Worker.run(ThreadPoolExecutor.java:642)\n\tat java.base/java.lang.Thread.run(Thread.java:1583)\n","steps":[{"name":"containsAll '[test_dQvuaehvaU, test_ajQIWpJquT, test_uuIBzdApmM]'","time":{"start":1743449752475,"stop":1743449752476,"duration":1},"status":"failed","statusMessage":"[buildTypes] \nExpecting ListN:\n  []\nto contain:\n  [\"test_dQvuaehvaU\", \"test_ajQIWpJquT\", \"test_uuIBzdApmM\"]\nbut could not find the following element(s):\n  [\"test_dQvuaehvaU\", \"test_ajQIWpJquT\", \"test_uuIBzdApmM\"]\n","statusTrace":"java.lang.AssertionError: [buildTypes] \nExpecting ListN:\n  []\nto contain:\n  [\"test_dQvuaehvaU\", \"test_ajQIWpJquT\", \"test_uuIBzdApmM\"]\nbut could not find the following element(s):\n  [\"test_dQvuaehvaU\", \"test_ajQIWpJquT\", \"test_uuIBzdApmM\"]\n\n\tat com.teamcity.api.SearchTest.searchTest(SearchTest.java:51)\n\tat java.base/jdk.internal.reflect.DirectMethodHandleAccessor.invoke(DirectMethodHandleAccessor.java:103)\n\tat java.base/java.lang.reflect.Method.invoke(Method.java:580)\n\tat org.testng.internal.invokers.MethodInvocationHelper.invokeMethod(MethodInvocationHelper.java:141)\n\tat org.testng.internal.invokers.MethodInvocationHelper$1.runTestMethod(MethodInvocationHelper.java:260)\n\tat com.teamcity.BaseTest.run(BaseTest.java:51)\n\tat org.testng.internal.invokers.MethodInvocationHelper.invokeHookable(MethodInvocationHelper.java:274)\n\tat org.testng.internal.invokers.TestInvoker.invokeMethod(TestInvoker.java:679)\n\tat org.testng.internal.invokers.TestInvoker.invokeTestMethod(TestInvoker.java:230)\n\tat org.testng.internal.invokers.MethodRunner.runInSequence(MethodRunner.java:63)\n\tat org.testng.internal.invokers.TestInvoker$MethodInvocationAgent.invoke(TestInvoker.java:995)\n\tat org.testng.internal.invokers.TestInvoker.invokeTestMethods(TestInvoker.java:203)\n\tat org.testng.internal.invokers.TestMethodWorker.invokeTestMethods(TestMethodWorker.java:154)\n\tat org.testng.internal.invokers.TestMethodWorker.run(TestMethodWorker.java:134)\n\tat java.base/java.util.concurrent.Executors$RunnableAdapter.call(Executors.java:572)\n\tat java.base/java.util.concurrent.FutureTask.run(FutureTask.java:317)\n\tat org.testng.internal.thread.graph.TestNGFutureTask.run(TestNGFutureTask.java:22)\n\tat java.base/java.util.concurrent.ThreadPoolExecutor.runWorker(ThreadPoolExecutor.java:1144)\n\tat java.base/java.util.concurrent.ThreadPoolExecutor$Worker.run(ThreadPoolExecutor.java:642)\n\tat java.base/java.lang.Thread.run(Thread.java:1583)\n","steps":[],"attachments":[],"parameters":[],"shouldDisplayMessage":true,"stepsCount":0,"attachmentsCount":0,"hasContent":true,"attachmentStep":false}],"attachments":[],"parameters":[],"shouldDisplayMessage":false,"stepsCount":1,"attachmentsCount":0,"hasContent":true,"attachmentStep":false}],"attachments":[],"parameters":[],"shouldDisplayMessage":false,"stepsCount":2,"attachmentsCount":0,"hasContent":true,"attachmentStep":false}],"attachments":[],"parameters":[],"shouldDisplayMessage":true,"stepsCount":57,"attachmentsCount":30,"hasContent":true,"attachmentStep":false},"afterStages":[{"name":"deleteCreatedEntities","time":{"start":1743449752521,"stop":1743449752627,"duration":106},"description":"","status":"passed","steps":[{"name":"Delete test_REzVpUOtSo","time":{"start":1743449752521,"stop":1743449752575,"duration":54},"status":"passed","steps":[],"attachments":[{"uid":"4b9e67cbe58d481e","name":"Request","source":"4b9e67cbe58d481e.html","type":"text/html","size":602},{"uid":"3d7ca0a30cf9fc4b","name":"HTTP/1.1 404 ","source":"3d7ca0a30cf9fc4b.html","type":"text/html","size":877}],"parameters":[{"name":"id","value":"test_REzVpUOtSo"}],"shouldDisplayMessage":false,"stepsCount":0,"attachmentsCount":2,"hasContent":true,"attachmentStep":false},{"name":"Delete 7","time":{"start":1743449752576,"stop":1743449752627,"duration":51},"status":"passed","steps":[],"attachments":[{"uid":"a71dc432a1f8b4f6","name":"Request","source":"a71dc432a1f8b4f6.html","type":"text/html","size":564},{"uid":"a539c74909638a38","name":"HTTP/1.1 404 ","source":"a539c74909638a38.html","type":"text/html","size":823}],"parameters":[{"name":"id","value":"7"}],"shouldDisplayMessage":false,"stepsCount":0,"attachmentsCount":2,"hasContent":true,"attachmentStep":false}],"attachments":[],"parameters":[],"shouldDisplayMessage":false,"stepsCount":2,"attachmentsCount":4,"hasContent":true,"attachmentStep":false}],"labels":[{"name":"package","value":"com.teamcity.api.SearchTest"},{"name":"testClass","value":"com.teamcity.api.SearchTest"},{"name":"testMethod","value":"searchTest"},{"name":"parentSuite","value":"API tests"},{"name":"suite","value":"API tests"},{"name":"subSuite","value":"com.teamcity.api.SearchTest"},{"name":"host","value":"fv-az1939-944"},{"name":"thread","value":"5162@fv-az1939-944.TestNG-test-API tests-1(29)"},{"name":"framework","value":"testng"},{"name":"language","value":"java"},{"name":"feature","value":"Search"},{"name":"resultFormat","value":"allure2"}],"parameters":[],"links":[],"hidden":true,"retry":true,"extra":{"categories":[],"tags":[]},"source":"d88674b319ca6bd8.json","parameterValues":[]}