{"uid":"faf42ebba651cdea","name":"User should not be able to create project without name","fullName":"com.teamcity.ui.CreateProjectTest.userCreatesProjectWithoutName","historyId":"6b1c513f4ab4e53278e3ea68410e5d62","time":{"start":1743449745650,"stop":1743449814179,"duration":68529},"status":"failed","statusMessage":"Element not found {.connectionSuccessful}\nExpected: be visible\nScreenshot: file:/home/runner/work/teamcity/teamcity/target/reports/tests/1743449814075.1.png\nPage source: file:/home/runner/work/teamcity/teamcity/target/reports/tests/1743449814075.1.html\nTimeout: 30 s.\nCaused by: NoSuchElementException: Unable to locate element: .connectionSuccessful","statusTrace":"Element not found {.connectionSuccessful}\nExpected: be visible\nScreenshot: file:/home/runner/work/teamcity/teamcity/target/reports/tests/1743449814075.1.png\nPage source: file:/home/runner/work/teamcity/teamcity/target/reports/tests/1743449814075.1.html\nTimeout: 30 s.\nCaused by: NoSuchElementException: Unable to locate element: .connectionSuccessful\n\tat com.codeborne.selenide.impl.WebElementSource.createElementNotFoundError(WebElementSource.java:68)\n\tat com.codeborne.selenide.impl.ElementFinder.createElementNotFoundError(ElementFinder.java:122)\n\tat com.codeborne.selenide.impl.WebElementSource.handleError(WebElementSource.java:119)\n\tat com.codeborne.selenide.impl.WebElementSource.checkConditionAndReturnElement(WebElementSource.java:102)\n\tat com.codeborne.selenide.impl.WebElementSource.checkCondition(WebElementSource.java:78)\n\tat com.codeborne.selenide.commands.Should.execute(Should.java:24)\n\tat com.codeborne.selenide.FluentCommand.execute(FluentCommand.java:27)\n\tat com.codeborne.selenide.FluentCommand.execute(FluentCommand.java:19)\n\tat com.codeborne.selenide.commands.Commands.execute(Commands.java:160)\n\tat com.codeborne.selenide.impl.SelenideElementProxy.dispatchAndRetry(SelenideElementProxy.java:131)\n\tat com.codeborne.selenide.impl.SelenideElementProxy.invoke(SelenideElementProxy.java:83)\n\tat jdk.proxy2/jdk.proxy2.$Proxy53.should(Unknown Source)\n\tat com.teamcity.ui.pages.admin.CreateBasePage.baseCreateFrom(CreateBasePage.java:32)\n\tat com.teamcity.ui.pages.admin.CreateProjectPage.createFrom(CreateProjectPage.java:17)\n\tat com.teamcity.ui.CreateProjectTest.userCreatesProjectWithoutName(CreateProjectTest.java:49)\n\tat java.base/jdk.internal.reflect.DirectMethodHandleAccessor.invoke(DirectMethodHandleAccessor.java:103)\n\tat java.base/java.lang.reflect.Method.invoke(Method.java:580)\n\tat org.testng.internal.invokers.MethodInvocationHelper.invokeMethod(MethodInvocationHelper.java:141)\n\tat org.testng.internal.invokers.MethodInvocationHelper$1.runTestMethod(MethodInvocationHelper.java:260)\n\tat com.teamcity.BaseTest.run(BaseTest.java:51)\n\tat org.testng.internal.invokers.MethodInvocationHelper.invokeHookable(MethodInvocationHelper.java:274)\n\tat org.testng.internal.invokers.TestInvoker.invokeMethod(TestInvoker.java:679)\n\tat org.testng.internal.invokers.TestInvoker.retryFailed(TestInvoker.java:269)\n\tat org.testng.internal.invokers.MethodRunner.runInSequence(MethodRunner.java:76)\n\tat org.testng.internal.invokers.TestInvoker$MethodInvocationAgent.invoke(TestInvoker.java:995)\n\tat org.testng.internal.invokers.TestInvoker.invokeTestMethods(TestInvoker.java:203)\n\tat org.testng.internal.invokers.TestMethodWorker.invokeTestMethods(TestMethodWorker.java:154)\n\tat org.testng.internal.invokers.TestMethodWorker.run(TestMethodWorker.java:134)\n\tat java.base/java.util.concurrent.Executors$RunnableAdapter.call(Executors.java:572)\n\tat java.base/java.util.concurrent.FutureTask.run(FutureTask.java:317)\n\tat org.testng.internal.thread.graph.TestNGFutureTask.run(TestNGFutureTask.java:22)\n\tat java.base/java.util.concurrent.ThreadPoolExecutor.runWorker(ThreadPoolExecutor.java:1144)\n\tat java.base/java.util.concurrent.ThreadPoolExecutor$Worker.run(ThreadPoolExecutor.java:642)\n\tat java.base/java.lang.Thread.run(Thread.java:1583)\nCaused by: org.openqa.selenium.NoSuchElementException: Unable to locate element: .connectionSuccessful\nFor documentation on this error, please visit: https://www.selenium.dev/documentation/webdriver/troubleshooting/errors#no-such-element-exception\nBuild info: version: '4.29.0', revision: '5fc1ec94cb'\nSystem info: os.name: 'Linux', os.arch: 'amd64', os.version: '6.8.0-1021-azure', java.version: '21.0.6'\nDriver info: org.openqa.selenium.remote.RemoteWebDriver\nCommand: [c69c27c0-55ec-47e8-a08b-7f85091f9cc4, findElement {using=css selector, value=.connectionSuccessful}]\nCapabilities {acceptInsecureCerts: true, browserName: firefox, browserVersion: 125.0.2, moz:accessibilityChecks: false, moz:buildID: 20240419144423, moz:geckodriverVersion: 0.34.0, moz:headless: false, moz:platformVersion: 6.8.0-1021-azure, moz:processID: 79, moz:profile: /tmp/rust_mozprofile4lqSuv, moz:shutdownTimeout: 60000, moz:webdriverClick: true, moz:windowless: false, pageLoadStrategy: normal, platformName: linux, proxy: Proxy(), se:cdp: ws://localhost:4444/devtool..., se:cdpVersion: 125.0.2, setWindowRect: true, strictFileInteractability: false, timeouts: {implicit: 0, pageLoad: 300000, script: 30000}, unhandledPromptBehavior: accept, userAgent: Mozilla/5.0 (X11; Ubuntu; L...}\nSession ID: c69c27c0-55ec-47e8-a08b-7f85091f9cc4\n\tat java.base/jdk.internal.reflect.DirectConstructorHandleAccessor.newInstance(DirectConstructorHandleAccessor.java:62)\n\tat java.base/java.lang.reflect.Constructor.newInstanceWithCaller(Constructor.java:502)\n\tat java.base/java.lang.reflect.Constructor.newInstance(Constructor.java:486)\n\tat org.openqa.selenium.remote.ErrorCodec.decode(ErrorCodec.java:167)\n\tat org.openqa.selenium.remote.codec.w3c.W3CHttpResponseCodec.decode(W3CHttpResponseCodec.java:138)\n\tat org.openqa.selenium.remote.codec.w3c.W3CHttpResponseCodec.decode(W3CHttpResponseCodec.java:50)\n\tat org.openqa.selenium.remote.HttpCommandExecutor.execute(HttpCommandExecutor.java:215)\n\tat org.openqa.selenium.remote.RemoteWebDriver.execute(RemoteWebDriver.java:545)\n\tat org.openqa.selenium.remote.ElementLocation$ElementFinder$2.findElement(ElementLocation.java:165)\n\tat org.openqa.selenium.remote.ElementLocation.findElement(ElementLocation.java:59)\n\tat org.openqa.selenium.remote.RemoteWebDriver.findElement(RemoteWebDriver.java:368)\n\tat org.openqa.selenium.remote.RemoteWebDriver.findElement(RemoteWebDriver.java:362)\n\tat com.codeborne.selenide.impl.WebElementSelector.findElement(WebElementSelector.java:64)\n\tat com.codeborne.selenide.impl.WebElementSelector.findElement(WebElementSelector.java:39)\n\tat com.codeborne.selenide.impl.WebElementSelector.findElement(WebElementSelector.java:30)\n\tat com.codeborne.selenide.impl.ElementFinder.getWebElement(ElementFinder.java:106)\n\tat com.codeborne.selenide.impl.WebElementSource.checkConditionAndReturnElement(WebElementSource.java:91)\n\t... 30 more\n","flaky":false,"newFailed":true,"newBroken":false,"newPassed":false,"retriesCount":1,"retriesStatusChange":true,"beforeStages":[{"name":"generateBaseTestData","time":{"start":1743449745637,"stop":1743449745638,"duration":1},"description":"","status":"passed","steps":[],"attachments":[],"parameters":[],"shouldDisplayMessage":false,"stepsCount":0,"attachmentsCount":0,"hasContent":false,"attachmentStep":false}],"testStage":{"status":"failed","statusMessage":"Element not found {.connectionSuccessful}\nExpected: be visible\nScreenshot: file:/home/runner/work/teamcity/teamcity/target/reports/tests/1743449814075.1.png\nPage source: file:/home/runner/work/teamcity/teamcity/target/reports/tests/1743449814075.1.html\nTimeout: 30 s.\nCaused by: NoSuchElementException: Unable to locate element: .connectionSuccessful","statusTrace":"Element not found {.connectionSuccessful}\nExpected: be visible\nScreenshot: file:/home/runner/work/teamcity/teamcity/target/reports/tests/1743449814075.1.png\nPage source: file:/home/runner/work/teamcity/teamcity/target/reports/tests/1743449814075.1.html\nTimeout: 30 s.\nCaused by: NoSuchElementException: Unable to locate element: .connectionSuccessful\n\tat com.codeborne.selenide.impl.WebElementSource.createElementNotFoundError(WebElementSource.java:68)\n\tat com.codeborne.selenide.impl.ElementFinder.createElementNotFoundError(ElementFinder.java:122)\n\tat com.codeborne.selenide.impl.WebElementSource.handleError(WebElementSource.java:119)\n\tat com.codeborne.selenide.impl.WebElementSource.checkConditionAndReturnElement(WebElementSource.java:102)\n\tat com.codeborne.selenide.impl.WebElementSource.checkCondition(WebElementSource.java:78)\n\tat com.codeborne.selenide.commands.Should.execute(Should.java:24)\n\tat com.codeborne.selenide.FluentCommand.execute(FluentCommand.java:27)\n\tat com.codeborne.selenide.FluentCommand.execute(FluentCommand.java:19)\n\tat com.codeborne.selenide.commands.Commands.execute(Commands.java:160)\n\tat com.codeborne.selenide.impl.SelenideElementProxy.dispatchAndRetry(SelenideElementProxy.java:131)\n\tat com.codeborne.selenide.impl.SelenideElementProxy.invoke(SelenideElementProxy.java:83)\n\tat jdk.proxy2/jdk.proxy2.$Proxy53.should(Unknown Source)\n\tat com.teamcity.ui.pages.admin.CreateBasePage.baseCreateFrom(CreateBasePage.java:32)\n\tat com.teamcity.ui.pages.admin.CreateProjectPage.createFrom(CreateProjectPage.java:17)\n\tat com.teamcity.ui.CreateProjectTest.userCreatesProjectWithoutName(CreateProjectTest.java:49)\n\tat java.base/jdk.internal.reflect.DirectMethodHandleAccessor.invoke(DirectMethodHandleAccessor.java:103)\n\tat java.base/java.lang.reflect.Method.invoke(Method.java:580)\n\tat org.testng.internal.invokers.MethodInvocationHelper.invokeMethod(MethodInvocationHelper.java:141)\n\tat org.testng.internal.invokers.MethodInvocationHelper$1.runTestMethod(MethodInvocationHelper.java:260)\n\tat com.teamcity.BaseTest.run(BaseTest.java:51)\n\tat org.testng.internal.invokers.MethodInvocationHelper.invokeHookable(MethodInvocationHelper.java:274)\n\tat org.testng.internal.invokers.TestInvoker.invokeMethod(TestInvoker.java:679)\n\tat org.testng.internal.invokers.TestInvoker.retryFailed(TestInvoker.java:269)\n\tat org.testng.internal.invokers.MethodRunner.runInSequence(MethodRunner.java:76)\n\tat org.testng.internal.invokers.TestInvoker$MethodInvocationAgent.invoke(TestInvoker.java:995)\n\tat org.testng.internal.invokers.TestInvoker.invokeTestMethods(TestInvoker.java:203)\n\tat org.testng.internal.invokers.TestMethodWorker.invokeTestMethods(TestMethodWorker.java:154)\n\tat org.testng.internal.invokers.TestMethodWorker.run(TestMethodWorker.java:134)\n\tat java.base/java.util.concurrent.Executors$RunnableAdapter.call(Executors.java:572)\n\tat java.base/java.util.concurrent.FutureTask.run(FutureTask.java:317)\n\tat org.testng.internal.thread.graph.TestNGFutureTask.run(TestNGFutureTask.java:22)\n\tat java.base/java.util.concurrent.ThreadPoolExecutor.runWorker(ThreadPoolExecutor.java:1144)\n\tat java.base/java.util.concurrent.ThreadPoolExecutor$Worker.run(ThreadPoolExecutor.java:642)\n\tat java.base/java.lang.Thread.run(Thread.java:1583)\nCaused by: org.openqa.selenium.NoSuchElementException: Unable to locate element: .connectionSuccessful\nFor documentation on this error, please visit: https://www.selenium.dev/documentation/webdriver/troubleshooting/errors#no-such-element-exception\nBuild info: version: '4.29.0', revision: '5fc1ec94cb'\nSystem info: os.name: 'Linux', os.arch: 'amd64', os.version: '6.8.0-1021-azure', java.version: '21.0.6'\nDriver info: org.openqa.selenium.remote.RemoteWebDriver\nCommand: [c69c27c0-55ec-47e8-a08b-7f85091f9cc4, findElement {using=css selector, value=.connectionSuccessful}]\nCapabilities {acceptInsecureCerts: true, browserName: firefox, browserVersion: 125.0.2, moz:accessibilityChecks: false, moz:buildID: 20240419144423, moz:geckodriverVersion: 0.34.0, moz:headless: false, moz:platformVersion: 6.8.0-1021-azure, moz:processID: 79, moz:profile: /tmp/rust_mozprofile4lqSuv, moz:shutdownTimeout: 60000, moz:webdriverClick: true, moz:windowless: false, pageLoadStrategy: normal, platformName: linux, proxy: Proxy(), se:cdp: ws://localhost:4444/devtool..., se:cdpVersion: 125.0.2, setWindowRect: true, strictFileInteractability: false, timeouts: {implicit: 0, pageLoad: 300000, script: 30000}, unhandledPromptBehavior: accept, userAgent: Mozilla/5.0 (X11; Ubuntu; L...}\nSession ID: c69c27c0-55ec-47e8-a08b-7f85091f9cc4\n\tat java.base/jdk.internal.reflect.DirectConstructorHandleAccessor.newInstance(DirectConstructorHandleAccessor.java:62)\n\tat java.base/java.lang.reflect.Constructor.newInstanceWithCaller(Constructor.java:502)\n\tat java.base/java.lang.reflect.Constructor.newInstance(Constructor.java:486)\n\tat org.openqa.selenium.remote.ErrorCodec.decode(ErrorCodec.java:167)\n\tat org.openqa.selenium.remote.codec.w3c.W3CHttpResponseCodec.decode(W3CHttpResponseCodec.java:138)\n\tat org.openqa.selenium.remote.codec.w3c.W3CHttpResponseCodec.decode(W3CHttpResponseCodec.java:50)\n\tat org.openqa.selenium.remote.HttpCommandExecutor.execute(HttpCommandExecutor.java:215)\n\tat org.openqa.selenium.remote.RemoteWebDriver.execute(RemoteWebDriver.java:545)\n\tat org.openqa.selenium.remote.ElementLocation$ElementFinder$2.findElement(ElementLocation.java:165)\n\tat org.openqa.selenium.remote.ElementLocation.findElement(ElementLocation.java:59)\n\tat org.openqa.selenium.remote.RemoteWebDriver.findElement(RemoteWebDriver.java:368)\n\tat org.openqa.selenium.remote.RemoteWebDriver.findElement(RemoteWebDriver.java:362)\n\tat com.codeborne.selenide.impl.WebElementSelector.findElement(WebElementSelector.java:64)\n\tat com.codeborne.selenide.impl.WebElementSelector.findElement(WebElementSelector.java:39)\n\tat com.codeborne.selenide.impl.WebElementSelector.findElement(WebElementSelector.java:30)\n\tat com.codeborne.selenide.impl.ElementFinder.getWebElement(ElementFinder.java:106)\n\tat com.codeborne.selenide.impl.WebElementSource.checkConditionAndReturnElement(WebElementSource.java:91)\n\t... 30 more\n","steps":[{"name":"Create User(id=null, username=test_xDakRjKaXK, email=test_XDfVzvfNyd, password=test_RsNNKjgHKo, roles=Roles(role=[Role(roleId=SYSTEM_ADMIN, scope=g)]))","time":{"start":1743449745650,"stop":1743449745793,"duration":143},"status":"passed","steps":[],"attachments":[{"uid":"59265090855aee41","name":"Request","source":"59265090855aee41.html","type":"text/html","size":1443},{"uid":"7de0c5e443f555c0","name":"HTTP/1.1 200 ","source":"7de0c5e443f555c0.html","type":"text/html","size":2140}],"parameters":[{"name":"model","value":"User(id=null, username=test_xDakRjKaXK, email=test_XDfVzvfNyd, password=test_RsNNKjgHKo, roles=Roles(role=[Role(roleId=SYSTEM_ADMIN, scope=g)]))"}],"shouldDisplayMessage":false,"stepsCount":0,"attachmentsCount":2,"hasContent":true,"attachmentStep":false},{"name":"Open login page","time":{"start":1743449745805,"stop":1743449756006,"duration":10201},"status":"passed","steps":[],"attachments":[],"parameters":[],"shouldDisplayMessage":false,"stepsCount":0,"attachmentsCount":0,"hasContent":false,"attachmentStep":false},{"name":"Login as test_xDakRjKaXK","time":{"start":1743449756007,"stop":1743449779537,"duration":23530},"status":"passed","steps":[],"attachments":[],"parameters":[{"name":"user","value":"User(id=null, username=test_xDakRjKaXK, email=test_XDfVzvfNyd, password=test_RsNNKjgHKo, roles=Roles(role=[Role(roleId=SYSTEM_ADMIN, scope=g)]))"}],"shouldDisplayMessage":false,"stepsCount":0,"attachmentsCount":0,"hasContent":true,"attachmentStep":false},{"name":"Open project creation page","time":{"start":1743449779560,"stop":1743449783107,"duration":3547},"status":"passed","steps":[],"attachments":[],"parameters":[{"name":"projectId","value":"_Root"}],"shouldDisplayMessage":false,"stepsCount":0,"attachmentsCount":0,"hasContent":true,"attachmentStep":false},{"name":"Create project from url","time":{"start":1743449783108,"stop":1743449814175,"duration":31067},"status":"failed","statusMessage":"Element not found {.connectionSuccessful}\nExpected: be visible\nScreenshot: file:/home/runner/work/teamcity/teamcity/target/reports/tests/1743449814075.1.png\nPage source: file:/home/runner/work/teamcity/teamcity/target/reports/tests/1743449814075.1.html\nTimeout: 30 s.\nCaused by: NoSuchElementException: Unable to locate element: .connectionSuccessful","statusTrace":"Element not found {.connectionSuccessful}\nExpected: be visible\nScreenshot: file:/home/runner/work/teamcity/teamcity/target/reports/tests/1743449814075.1.png\nPage source: file:/home/runner/work/teamcity/teamcity/target/reports/tests/1743449814075.1.html\nTimeout: 30 s.\nCaused by: NoSuchElementException: Unable to locate element: .connectionSuccessful\n\tat com.codeborne.selenide.impl.WebElementSource.createElementNotFoundError(WebElementSource.java:68)\n\tat com.codeborne.selenide.impl.ElementFinder.createElementNotFoundError(ElementFinder.java:122)\n\tat com.codeborne.selenide.impl.WebElementSource.handleError(WebElementSource.java:119)\n\tat com.codeborne.selenide.impl.WebElementSource.checkConditionAndReturnElement(WebElementSource.java:102)\n\tat com.codeborne.selenide.impl.WebElementSource.checkCondition(WebElementSource.java:78)\n\tat com.codeborne.selenide.commands.Should.execute(Should.java:24)\n\tat com.codeborne.selenide.FluentCommand.execute(FluentCommand.java:27)\n\tat com.codeborne.selenide.FluentCommand.execute(FluentCommand.java:19)\n\tat com.codeborne.selenide.commands.Commands.execute(Commands.java:160)\n\tat com.codeborne.selenide.impl.SelenideElementProxy.dispatchAndRetry(SelenideElementProxy.java:131)\n\tat com.codeborne.selenide.impl.SelenideElementProxy.invoke(SelenideElementProxy.java:83)\n\tat jdk.proxy2/jdk.proxy2.$Proxy53.should(Unknown Source)\n\tat com.teamcity.ui.pages.admin.CreateBasePage.baseCreateFrom(CreateBasePage.java:32)\n\tat com.teamcity.ui.pages.admin.CreateProjectPage.createFrom(CreateProjectPage.java:17)\n\tat com.teamcity.ui.CreateProjectTest.userCreatesProjectWithoutName(CreateProjectTest.java:49)\n\tat java.base/jdk.internal.reflect.DirectMethodHandleAccessor.invoke(DirectMethodHandleAccessor.java:103)\n\tat java.base/java.lang.reflect.Method.invoke(Method.java:580)\n\tat org.testng.internal.invokers.MethodInvocationHelper.invokeMethod(MethodInvocationHelper.java:141)\n\tat org.testng.internal.invokers.MethodInvocationHelper$1.runTestMethod(MethodInvocationHelper.java:260)\n\tat com.teamcity.BaseTest.run(BaseTest.java:51)\n\tat org.testng.internal.invokers.MethodInvocationHelper.invokeHookable(MethodInvocationHelper.java:274)\n\tat org.testng.internal.invokers.TestInvoker.invokeMethod(TestInvoker.java:679)\n\tat org.testng.internal.invokers.TestInvoker.retryFailed(TestInvoker.java:269)\n\tat org.testng.internal.invokers.MethodRunner.runInSequence(MethodRunner.java:76)\n\tat org.testng.internal.invokers.TestInvoker$MethodInvocationAgent.invoke(TestInvoker.java:995)\n\tat org.testng.internal.invokers.TestInvoker.invokeTestMethods(TestInvoker.java:203)\n\tat org.testng.internal.invokers.TestMethodWorker.invokeTestMethods(TestMethodWorker.java:154)\n\tat org.testng.internal.invokers.TestMethodWorker.run(TestMethodWorker.java:134)\n\tat java.base/java.util.concurrent.Executors$RunnableAdapter.call(Executors.java:572)\n\tat java.base/java.util.concurrent.FutureTask.run(FutureTask.java:317)\n\tat org.testng.internal.thread.graph.TestNGFutureTask.run(TestNGFutureTask.java:22)\n\tat java.base/java.util.concurrent.ThreadPoolExecutor.runWorker(ThreadPoolExecutor.java:1144)\n\tat java.base/java.util.concurrent.ThreadPoolExecutor$Worker.run(ThreadPoolExecutor.java:642)\n\tat java.base/java.lang.Thread.run(Thread.java:1583)\nCaused by: org.openqa.selenium.NoSuchElementException: Unable to locate element: .connectionSuccessful\nFor documentation on this error, please visit: https://www.selenium.dev/documentation/webdriver/troubleshooting/errors#no-such-element-exception\nBuild info: version: '4.29.0', revision: '5fc1ec94cb'\nSystem info: os.name: 'Linux', os.arch: 'amd64', os.version: '6.8.0-1021-azure', java.version: '21.0.6'\nDriver info: org.openqa.selenium.remote.RemoteWebDriver\nCommand: [c69c27c0-55ec-47e8-a08b-7f85091f9cc4, findElement {using=css selector, value=.connectionSuccessful}]\nCapabilities {acceptInsecureCerts: true, browserName: firefox, browserVersion: 125.0.2, moz:accessibilityChecks: false, moz:buildID: 20240419144423, moz:geckodriverVersion: 0.34.0, moz:headless: false, moz:platformVersion: 6.8.0-1021-azure, moz:processID: 79, moz:profile: /tmp/rust_mozprofile4lqSuv, moz:shutdownTimeout: 60000, moz:webdriverClick: true, moz:windowless: false, pageLoadStrategy: normal, platformName: linux, proxy: Proxy(), se:cdp: ws://localhost:4444/devtool..., se:cdpVersion: 125.0.2, setWindowRect: true, strictFileInteractability: false, timeouts: {implicit: 0, pageLoad: 300000, script: 30000}, unhandledPromptBehavior: accept, userAgent: Mozilla/5.0 (X11; Ubuntu; L...}\nSession ID: c69c27c0-55ec-47e8-a08b-7f85091f9cc4\n\tat java.base/jdk.internal.reflect.DirectConstructorHandleAccessor.newInstance(DirectConstructorHandleAccessor.java:62)\n\tat java.base/java.lang.reflect.Constructor.newInstanceWithCaller(Constructor.java:502)\n\tat java.base/java.lang.reflect.Constructor.newInstance(Constructor.java:486)\n\tat org.openqa.selenium.remote.ErrorCodec.decode(ErrorCodec.java:167)\n\tat org.openqa.selenium.remote.codec.w3c.W3CHttpResponseCodec.decode(W3CHttpResponseCodec.java:138)\n\tat org.openqa.selenium.remote.codec.w3c.W3CHttpResponseCodec.decode(W3CHttpResponseCodec.java:50)\n\tat org.openqa.selenium.remote.HttpCommandExecutor.execute(HttpCommandExecutor.java:215)\n\tat org.openqa.selenium.remote.RemoteWebDriver.execute(RemoteWebDriver.java:545)\n\tat org.openqa.selenium.remote.ElementLocation$ElementFinder$2.findElement(ElementLocation.java:165)\n\tat org.openqa.selenium.remote.ElementLocation.findElement(ElementLocation.java:59)\n\tat org.openqa.selenium.remote.RemoteWebDriver.findElement(RemoteWebDriver.java:368)\n\tat org.openqa.selenium.remote.RemoteWebDriver.findElement(RemoteWebDriver.java:362)\n\tat com.codeborne.selenide.impl.WebElementSelector.findElement(WebElementSelector.java:64)\n\tat com.codeborne.selenide.impl.WebElementSelector.findElement(WebElementSelector.java:39)\n\tat com.codeborne.selenide.impl.WebElementSelector.findElement(WebElementSelector.java:30)\n\tat com.codeborne.selenide.impl.ElementFinder.getWebElement(ElementFinder.java:106)\n\tat com.codeborne.selenide.impl.WebElementSource.checkConditionAndReturnElement(WebElementSource.java:91)\n\t... 30 more\n","steps":[],"attachments":[],"parameters":[{"name":"url","value":"https://github.com/selenide/selenide.git"}],"shouldDisplayMessage":true,"stepsCount":0,"attachmentsCount":0,"hasContent":true,"attachmentStep":false}],"attachments":[],"parameters":[],"shouldDisplayMessage":false,"stepsCount":5,"attachmentsCount":2,"hasContent":true,"attachmentStep":false},"afterStages":[{"name":"closeWebDriver","time":{"start":1743449814192,"stop":1743449815320,"duration":1128},"description":"","status":"passed","steps":[],"attachments":[],"parameters":[],"shouldDisplayMessage":false,"stepsCount":0,"attachmentsCount":0,"hasContent":false,"attachmentStep":false},{"name":"deleteCreatedEntities","time":{"start":1743449815321,"stop":1743449815807,"duration":486},"description":"","status":"passed","steps":[{"name":"Delete TestAnEdmmaySk_TestSRnlnqHYkG","time":{"start":1743449815321,"stop":1743449815457,"duration":136},"status":"passed","steps":[],"attachments":[{"uid":"66278826e7a5c184","name":"Request","source":"66278826e7a5c184.html","type":"text/html","size":630},{"uid":"87bfa3b5907cf734","name":"HTTP/1.1 204 ","source":"87bfa3b5907cf734.html","type":"text/html","size":478}],"parameters":[{"name":"id","value":"TestAnEdmmaySk_TestSRnlnqHYkG"}],"shouldDisplayMessage":false,"stepsCount":0,"attachmentsCount":2,"hasContent":true,"attachmentStep":false},{"name":"Delete 4","time":{"start":1743449815457,"stop":1743449815544,"duration":87},"status":"passed","steps":[],"attachments":[{"uid":"a46923bd6ec65979","name":"Request","source":"a46923bd6ec65979.html","type":"text/html","size":564},{"uid":"e491fbed8332da32","name":"HTTP/1.1 204 ","source":"e491fbed8332da32.html","type":"text/html","size":478}],"parameters":[{"name":"id","value":"4"}],"shouldDisplayMessage":false,"stepsCount":0,"attachmentsCount":2,"hasContent":true,"attachmentStep":false},{"name":"Delete TestAnEdmmaySk","time":{"start":1743449815544,"stop":1743449815807,"duration":263},"status":"passed","steps":[],"attachments":[{"uid":"260f7f5e9184f19f","name":"Request","source":"260f7f5e9184f19f.html","type":"text/html","size":596},{"uid":"3155d4496d21a450","name":"HTTP/1.1 204 ","source":"3155d4496d21a450.html","type":"text/html","size":478}],"parameters":[{"name":"id","value":"TestAnEdmmaySk"}],"shouldDisplayMessage":false,"stepsCount":0,"attachmentsCount":2,"hasContent":true,"attachmentStep":false}],"attachments":[],"parameters":[],"shouldDisplayMessage":false,"stepsCount":3,"attachmentsCount":6,"hasContent":true,"attachmentStep":false}],"labels":[{"name":"package","value":"com.teamcity.ui.CreateProjectTest"},{"name":"testClass","value":"com.teamcity.ui.CreateProjectTest"},{"name":"testMethod","value":"userCreatesProjectWithoutName"},{"name":"parentSuite","value":"UI tests"},{"name":"suite","value":"UI tests"},{"name":"subSuite","value":"com.teamcity.ui.CreateProjectTest"},{"name":"host","value":"fv-az1436-829"},{"name":"thread","value":"5129@fv-az1436-829.TestNG-test-UI tests-2(30)"},{"name":"framework","value":"testng"},{"name":"language","value":"java"},{"name":"feature","value":"Project"},{"name":"suite","value":"firefox"},{"name":"tag","value":"firefox"},{"name":"resultFormat","value":"allure2"}],"parameters":[{"name":"arg0","value":"firefox"}],"links":[],"hidden":false,"retry":false,"extra":{"severity":"normal","retries":[{"uid":"5e64a00af4f3b336","status":"skipped","statusDetails":"1 expectation failed.\nExpected status code <200> but was <400>.\n","time":{"start":1743449739944,"stop":1743449745062,"duration":5118}}],"categories":[{"name":"Product defects","matchedStatuses":[],"flaky":false}],"history":{"statistic":{"failed":1,"broken":0,"skipped":0,"passed":20,"unknown":0,"total":21},"items":[{"uid":"aa803e215968886f","reportUrl":"https://ilsilk.github.io/teamcity/163//#testresult/aa803e215968886f","status":"passed","time":{"start":1743435726296,"stop":1743435735931,"duration":9635}},{"uid":"353a809cdb49fe70","reportUrl":"https://ilsilk.github.io/teamcity/162//#testresult/353a809cdb49fe70","status":"passed","time":{"start":1743435678554,"stop":1743435687595,"duration":9041}},{"uid":"52a8f3dc5e0272aa","reportUrl":"https://ilsilk.github.io/teamcity/161//#testresult/52a8f3dc5e0272aa","status":"passed","time":{"start":1743435019314,"stop":1743435028764,"duration":9450}},{"uid":"21da0823a76e60ad","reportUrl":"https://ilsilk.github.io/teamcity/160//#testresult/21da0823a76e60ad","status":"passed","time":{"start":1743430491063,"stop":1743430500550,"duration":9487}},{"uid":"efd4d88fe3f3105","reportUrl":"https://ilsilk.github.io/teamcity/159//#testresult/efd4d88fe3f3105","status":"passed","time":{"start":1743430449119,"stop":1743430459093,"duration":9974}},{"uid":"18fcc642d044b9e2","reportUrl":"https://ilsilk.github.io/teamcity/158//#testresult/18fcc642d044b9e2","status":"passed","time":{"start":1743069779961,"stop":1743069791483,"duration":11522}},{"uid":"fd4a5e2cd781293c","reportUrl":"https://ilsilk.github.io/teamcity/157//#testresult/fd4a5e2cd781293c","status":"passed","time":{"start":1727622789733,"stop":1727622799044,"duration":9311}},{"uid":"ae203596532967bf","reportUrl":"https://ilsilk.github.io/teamcity/156//#testresult/ae203596532967bf","status":"passed","time":{"start":1727621924329,"stop":1727621933194,"duration":8865}},{"uid":"7b1f94133e103e40","reportUrl":"https://ilsilk.github.io/teamcity/145//#testresult/7b1f94133e103e40","status":"passed","time":{"start":1727259007029,"stop":1727259016287,"duration":9258}},{"uid":"aba58613b67ec703","reportUrl":"https://ilsilk.github.io/teamcity/144//#testresult/aba58613b67ec703","status":"passed","time":{"start":1727258802731,"stop":1727258811545,"duration":8814}},{"uid":"28a9b7b6a4050764","reportUrl":"https://ilsilk.github.io/teamcity/143//#testresult/28a9b7b6a4050764","status":"passed","time":{"start":1726853957005,"stop":1726853965224,"duration":8219}},{"uid":"2bab6e621ccff2d4","reportUrl":"https://ilsilk.github.io/teamcity/140//#testresult/2bab6e621ccff2d4","status":"passed","time":{"start":1726605137619,"stop":1726605148018,"duration":10399}},{"uid":"9364efc62a043e2b","reportUrl":"https://ilsilk.github.io/teamcity/138//#testresult/9364efc62a043e2b","status":"passed","time":{"start":1726602561972,"stop":1726602574294,"duration":12322}},{"uid":"7d37f5ca581943d4","reportUrl":"https://ilsilk.github.io/teamcity/137//#testresult/7d37f5ca581943d4","status":"passed","time":{"start":1726600460774,"stop":1726600470535,"duration":9761}},{"uid":"2dec96fb7f24846f","reportUrl":"https://ilsilk.github.io/teamcity/136//#testresult/2dec96fb7f24846f","status":"passed","time":{"start":1726599884617,"stop":1726599896016,"duration":11399}},{"uid":"b8275f2910f77dee","reportUrl":"https://ilsilk.github.io/teamcity/135//#testresult/b8275f2910f77dee","status":"passed","time":{"start":1726598355102,"stop":1726598365082,"duration":9980}},{"uid":"a57471f4f86a3f10","reportUrl":"https://ilsilk.github.io/teamcity/134//#testresult/a57471f4f86a3f10","status":"passed","time":{"start":1726597870014,"stop":1726597879139,"duration":9125}},{"uid":"61081f766c4aec70","reportUrl":"https://ilsilk.github.io/teamcity/133//#testresult/61081f766c4aec70","status":"passed","time":{"start":1726597183447,"stop":1726597192369,"duration":8922}},{"uid":"310af7bb289ef756","reportUrl":"https://ilsilk.github.io/teamcity/130//#testresult/310af7bb289ef756","status":"passed","time":{"start":1726519623066,"stop":1726519632683,"duration":9617}},{"uid":"aa82d749312fb817","reportUrl":"https://ilsilk.github.io/teamcity/129//#testresult/aa82d749312fb817","status":"passed","time":{"start":1726518978667,"stop":1726518987970,"duration":9303}}]},"tags":["firefox"]},"source":"faf42ebba651cdea.json","parameterValues":["firefox"]}