{"uid":"fbdba2c89a353a36","name":"User should be able to start build","fullName":"com.teamcity.api.StartBuildTest.userStartsBuildTest","historyId":"71cbaf3174a16ded8759f2de3e4b99a7","time":{"start":1743452181172,"stop":1743452181963,"duration":791},"status":"skipped","statusMessage":"1 expectation failed.\nExpected status code <200> but was <401>.\n","statusTrace":"java.lang.AssertionError: 1 expectation failed.\nExpected status code <200> but was <401>.\n\n\tat java.base/jdk.internal.reflect.DirectConstructorHandleAccessor.newInstance(DirectConstructorHandleAccessor.java:62)\n\tat java.base/java.lang.reflect.Constructor.newInstanceWithCaller(Constructor.java:502)\n\tat java.base/java.lang.reflect.Constructor.newInstance(Constructor.java:486)\n\tat org.codehaus.groovy.reflection.CachedConstructor.invoke(CachedConstructor.java:73)\n\tat org.codehaus.groovy.runtime.callsite.ConstructorSite$ConstructorSiteNoUnwrapNoCoerce.callConstructor(ConstructorSite.java:108)\n\tat org.codehaus.groovy.runtime.callsite.CallSiteArray.defaultCallConstructor(CallSiteArray.java:57)\n\tat org.codehaus.groovy.runtime.callsite.AbstractCallSite.callConstructor(AbstractCallSite.java:263)\n\tat org.codehaus.groovy.runtime.callsite.AbstractCallSite.callConstructor(AbstractCallSite.java:277)\n\tat io.restassured.internal.ResponseSpecificationImpl$HamcrestAssertionClosure.validate(ResponseSpecificationImpl.groovy:512)\n\tat io.restassured.internal.ResponseSpecificationImpl$HamcrestAssertionClosure$validate$1.call(Unknown Source)\n\tat io.restassured.internal.ResponseSpecificationImpl.validateResponseIfRequired(ResponseSpecificationImpl.groovy:696)\n\tat io.restassured.internal.ResponseSpecificationImpl.this$2$validateResponseIfRequired(ResponseSpecificationImpl.groovy)\n\tat java.base/jdk.internal.reflect.DirectMethodHandleAccessor.invoke(DirectMethodHandleAccessor.java:103)\n\tat java.base/java.lang.reflect.Method.invoke(Method.java:580)\n\tat org.codehaus.groovy.runtime.callsite.PlainObjectMetaMethodSite.doInvoke(PlainObjectMetaMethodSite.java:43)\n\tat org.codehaus.groovy.runtime.callsite.PogoMetaMethodSite$PogoCachedMethodSiteNoUnwrapNoCoerce.invoke(PogoMetaMethodSite.java:198)\n\tat org.codehaus.groovy.runtime.callsite.PogoMetaMethodSite.callCurrent(PogoMetaMethodSite.java:62)\n\tat org.codehaus.groovy.runtime.callsite.AbstractCallSite.callCurrent(AbstractCallSite.java:185)\n\tat io.restassured.internal.ResponseSpecificationImpl.statusCode(ResponseSpecificationImpl.groovy:135)\n\tat io.restassured.specification.ResponseSpecification$statusCode$0.callCurrent(Unknown Source)\n\tat io.restassured.internal.ResponseSpecificationImpl.statusCode(ResponseSpecificationImpl.groovy:143)\n\tat io.restassured.internal.ValidatableResponseOptionsImpl.statusCode(ValidatableResponseOptionsImpl.java:89)\n\tat com.teamcity.api.requests.checked.CheckedBase.create(CheckedBase.java:32)\n\tat com.teamcity.api.StartBuildTest.userStartsBuildTest(StartBuildTest.java:48)\n\tat java.base/jdk.internal.reflect.DirectMethodHandleAccessor.invoke(DirectMethodHandleAccessor.java:103)\n\tat java.base/java.lang.reflect.Method.invoke(Method.java:580)\n\tat org.testng.internal.invokers.MethodInvocationHelper.invokeMethod(MethodInvocationHelper.java:141)\n\tat org.testng.internal.invokers.MethodInvocationHelper$1.runTestMethod(MethodInvocationHelper.java:260)\n\tat com.teamcity.BaseTest.run(BaseTest.java:51)\n\tat org.testng.internal.invokers.MethodInvocationHelper.invokeHookable(MethodInvocationHelper.java:274)\n\tat org.testng.internal.invokers.TestInvoker.invokeMethod(TestInvoker.java:679)\n\tat org.testng.internal.invokers.TestInvoker.invokeTestMethod(TestInvoker.java:230)\n\tat org.testng.internal.invokers.MethodRunner.runInSequence(MethodRunner.java:63)\n\tat org.testng.internal.invokers.TestInvoker$MethodInvocationAgent.invoke(TestInvoker.java:995)\n\tat org.testng.internal.invokers.TestInvoker.invokeTestMethods(TestInvoker.java:203)\n\tat org.testng.internal.invokers.TestMethodWorker.invokeTestMethods(TestMethodWorker.java:154)\n\tat org.testng.internal.invokers.TestMethodWorker.run(TestMethodWorker.java:134)\n\tat java.base/java.util.concurrent.Executors$RunnableAdapter.call(Executors.java:572)\n\tat java.base/java.util.concurrent.FutureTask.run(FutureTask.java:317)\n\tat org.testng.internal.thread.graph.TestNGFutureTask.run(TestNGFutureTask.java:22)\n\tat java.base/java.util.concurrent.ThreadPoolExecutor.runWorker(ThreadPoolExecutor.java:1144)\n\tat java.base/java.util.concurrent.ThreadPoolExecutor$Worker.run(ThreadPoolExecutor.java:642)\n\tat java.base/java.lang.Thread.run(Thread.java:1583)\n","flaky":false,"newFailed":false,"newBroken":false,"newPassed":false,"retriesCount":0,"retriesStatusChange":false,"beforeStages":[{"name":"generateBaseTestData","time":{"start":1743452181164,"stop":1743452181164,"duration":0},"description":"","status":"passed","steps":[],"attachments":[],"parameters":[],"shouldDisplayMessage":false,"stepsCount":0,"attachmentsCount":0,"hasContent":false,"attachmentStep":false}],"testStage":{"status":"skipped","statusMessage":"1 expectation failed.\nExpected status code <200> but was <401>.\n","statusTrace":"java.lang.AssertionError: 1 expectation failed.\nExpected status code <200> but was <401>.\n\n\tat java.base/jdk.internal.reflect.DirectConstructorHandleAccessor.newInstance(DirectConstructorHandleAccessor.java:62)\n\tat java.base/java.lang.reflect.Constructor.newInstanceWithCaller(Constructor.java:502)\n\tat java.base/java.lang.reflect.Constructor.newInstance(Constructor.java:486)\n\tat org.codehaus.groovy.reflection.CachedConstructor.invoke(CachedConstructor.java:73)\n\tat org.codehaus.groovy.runtime.callsite.ConstructorSite$ConstructorSiteNoUnwrapNoCoerce.callConstructor(ConstructorSite.java:108)\n\tat org.codehaus.groovy.runtime.callsite.CallSiteArray.defaultCallConstructor(CallSiteArray.java:57)\n\tat org.codehaus.groovy.runtime.callsite.AbstractCallSite.callConstructor(AbstractCallSite.java:263)\n\tat org.codehaus.groovy.runtime.callsite.AbstractCallSite.callConstructor(AbstractCallSite.java:277)\n\tat io.restassured.internal.ResponseSpecificationImpl$HamcrestAssertionClosure.validate(ResponseSpecificationImpl.groovy:512)\n\tat io.restassured.internal.ResponseSpecificationImpl$HamcrestAssertionClosure$validate$1.call(Unknown Source)\n\tat io.restassured.internal.ResponseSpecificationImpl.validateResponseIfRequired(ResponseSpecificationImpl.groovy:696)\n\tat io.restassured.internal.ResponseSpecificationImpl.this$2$validateResponseIfRequired(ResponseSpecificationImpl.groovy)\n\tat java.base/jdk.internal.reflect.DirectMethodHandleAccessor.invoke(DirectMethodHandleAccessor.java:103)\n\tat java.base/java.lang.reflect.Method.invoke(Method.java:580)\n\tat org.codehaus.groovy.runtime.callsite.PlainObjectMetaMethodSite.doInvoke(PlainObjectMetaMethodSite.java:43)\n\tat org.codehaus.groovy.runtime.callsite.PogoMetaMethodSite$PogoCachedMethodSiteNoUnwrapNoCoerce.invoke(PogoMetaMethodSite.java:198)\n\tat org.codehaus.groovy.runtime.callsite.PogoMetaMethodSite.callCurrent(PogoMetaMethodSite.java:62)\n\tat org.codehaus.groovy.runtime.callsite.AbstractCallSite.callCurrent(AbstractCallSite.java:185)\n\tat io.restassured.internal.ResponseSpecificationImpl.statusCode(ResponseSpecificationImpl.groovy:135)\n\tat io.restassured.specification.ResponseSpecification$statusCode$0.callCurrent(Unknown Source)\n\tat io.restassured.internal.ResponseSpecificationImpl.statusCode(ResponseSpecificationImpl.groovy:143)\n\tat io.restassured.internal.ValidatableResponseOptionsImpl.statusCode(ValidatableResponseOptionsImpl.java:89)\n\tat com.teamcity.api.requests.checked.CheckedBase.create(CheckedBase.java:32)\n\tat com.teamcity.api.StartBuildTest.userStartsBuildTest(StartBuildTest.java:48)\n\tat java.base/jdk.internal.reflect.DirectMethodHandleAccessor.invoke(DirectMethodHandleAccessor.java:103)\n\tat java.base/java.lang.reflect.Method.invoke(Method.java:580)\n\tat org.testng.internal.invokers.MethodInvocationHelper.invokeMethod(MethodInvocationHelper.java:141)\n\tat org.testng.internal.invokers.MethodInvocationHelper$1.runTestMethod(MethodInvocationHelper.java:260)\n\tat com.teamcity.BaseTest.run(BaseTest.java:51)\n\tat org.testng.internal.invokers.MethodInvocationHelper.invokeHookable(MethodInvocationHelper.java:274)\n\tat org.testng.internal.invokers.TestInvoker.invokeMethod(TestInvoker.java:679)\n\tat org.testng.internal.invokers.TestInvoker.invokeTestMethod(TestInvoker.java:230)\n\tat org.testng.internal.invokers.MethodRunner.runInSequence(MethodRunner.java:63)\n\tat org.testng.internal.invokers.TestInvoker$MethodInvocationAgent.invoke(TestInvoker.java:995)\n\tat org.testng.internal.invokers.TestInvoker.invokeTestMethods(TestInvoker.java:203)\n\tat org.testng.internal.invokers.TestMethodWorker.invokeTestMethods(TestMethodWorker.java:154)\n\tat org.testng.internal.invokers.TestMethodWorker.run(TestMethodWorker.java:134)\n\tat java.base/java.util.concurrent.Executors$RunnableAdapter.call(Executors.java:572)\n\tat java.base/java.util.concurrent.FutureTask.run(FutureTask.java:317)\n\tat org.testng.internal.thread.graph.TestNGFutureTask.run(TestNGFutureTask.java:22)\n\tat java.base/java.util.concurrent.ThreadPoolExecutor.runWorker(ThreadPoolExecutor.java:1144)\n\tat java.base/java.util.concurrent.ThreadPoolExecutor$Worker.run(ThreadPoolExecutor.java:642)\n\tat java.base/java.lang.Thread.run(Thread.java:1583)\n","steps":[{"name":"Create User(id=null, username=test_QhPRlbhUus, email=test_aVrcjhBmCv, password=test_UBNFokgXCM, roles=Roles(role=[Role(roleId=SYSTEM_ADMIN, scope=g)]))","time":{"start":1743452181172,"stop":1743452181352,"duration":180},"status":"passed","steps":[],"attachments":[{"uid":"e09fb3125d291a4e","name":"Request","source":"e09fb3125d291a4e.html","type":"text/html","size":1443},{"uid":"1f64517abf54c920","name":"HTTP/1.1 200 ","source":"1f64517abf54c920.html","type":"text/html","size":2144}],"parameters":[{"name":"model","value":"User(id=null, username=test_QhPRlbhUus, email=test_aVrcjhBmCv, password=test_UBNFokgXCM, roles=Roles(role=[Role(roleId=SYSTEM_ADMIN, scope=g)]))"}],"shouldDisplayMessage":false,"stepsCount":0,"attachmentsCount":2,"hasContent":true,"attachmentStep":false},{"name":"Create NewProjectDescription(id=test_aoNyeOmLSo, name=test_CqVCsfnMwV, parentProject=Project(id=null, name=null, locator=_Root))","time":{"start":1743452181358,"stop":1743452181434,"duration":76},"status":"passed","steps":[],"attachments":[{"uid":"d2b0278ac1155b3b","name":"Request","source":"d2b0278ac1155b3b.html","type":"text/html","size":1153},{"uid":"96d81753a6215f73","name":"HTTP/1.1 200 ","source":"96d81753a6215f73.html","type":"text/html","size":2225}],"parameters":[{"name":"model","value":"NewProjectDescription(id=test_aoNyeOmLSo, name=test_CqVCsfnMwV, parentProject=Project(id=null, name=null, locator=_Root))"}],"shouldDisplayMessage":false,"stepsCount":0,"attachmentsCount":2,"hasContent":true,"attachmentStep":false},{"name":"Create BuildType(id=test_eZVQXrZKDB, name=test_ulLdeumuBw, project=Project(id=test_aoNyeOmLSo, name=test_CqVCsfnMwV, locator=null), steps=Steps(step=[Step(name=test_CwouwGAfIv, type=simpleRunner, properties=Properties(property=[Property(name=script.content, value=echo 'Hello World!'), Property(name=use.custom.script, value=true)]))]))","time":{"start":1743452181442,"stop":1743452181767,"duration":325},"status":"passed","steps":[],"attachments":[{"uid":"c4e7f0a3b6af3f14","name":"Request","source":"c4e7f0a3b6af3f14.html","type":"text/html","size":2719},{"uid":"224bb683f411fe78","name":"HTTP/1.1 200 ","source":"224bb683f411fe78.html","type":"text/html","size":3708}],"parameters":[{"name":"model","value":"BuildType(id=test_eZVQXrZKDB, name=test_ulLdeumuBw, project=Project(id=test_aoNyeOmLSo, name=test_CqVCsfnMwV, locator=null), steps=Steps(step=[Step(name=test_CwouwGAfIv, type=simpleRunner, properties=Properties(property=[Property(name=script.content, value=echo 'Hello World!'), Property(name=use.custom.script, value=true)]))]))"}],"shouldDisplayMessage":false,"stepsCount":0,"attachmentsCount":2,"hasContent":true,"attachmentStep":false},{"name":"Create Build(id=null, buildType=BuildType(id=test_eZVQXrZKDB, name=test_ulLdeumuBw, project=Project(id=test_aoNyeOmLSo, name=test_CqVCsfnMwV, locator=null), steps=Steps(step=[Step(name=test_CwouwGAfIv, type=simpleRunner, properties=Properties(property=[Property(name=script.content, value=echo 'Hello World!'), Property(name=use.custom.script, value=true)]))])), status=null, state=null)","time":{"start":1743452181780,"stop":1743452181864,"duration":84},"status":"passed","steps":[],"attachments":[{"uid":"98652902796e7e80","name":"Request","source":"98652902796e7e80.html","type":"text/html","size":3197},{"uid":"3042d4e7c0aa944","name":"HTTP/1.1 401 ","source":"3042d4e7c0aa944.html","type":"text/html","size":719}],"parameters":[{"name":"model","value":"Build(id=null, buildType=BuildType(id=test_eZVQXrZKDB, name=test_ulLdeumuBw, project=Project(id=test_aoNyeOmLSo, name=test_CqVCsfnMwV, locator=null), steps=Steps(step=[Step(name=test_CwouwGAfIv, type=simpleRunner, properties=Properties(property=[Property(name=script.content, value=echo 'Hello World!'), Property(name=use.custom.script, value=true)]))])), status=null, state=null)"}],"shouldDisplayMessage":false,"stepsCount":0,"attachmentsCount":2,"hasContent":true,"attachmentStep":false}],"attachments":[],"parameters":[],"shouldDisplayMessage":true,"stepsCount":4,"attachmentsCount":8,"hasContent":true,"attachmentStep":false},"afterStages":[{"name":"stopWireMockServer","time":{"start":1743452181967,"stop":1743452181972,"duration":5},"description":"","status":"passed","steps":[],"attachments":[],"parameters":[],"shouldDisplayMessage":false,"stepsCount":0,"attachmentsCount":0,"hasContent":false,"attachmentStep":false},{"name":"deleteCreatedEntities","time":{"start":1743452181973,"stop":1743452182096,"duration":123},"description":"","status":"passed","steps":[{"name":"Delete test_eZVQXrZKDB","time":{"start":1743452181974,"stop":1743452182023,"duration":49},"status":"passed","steps":[],"attachments":[{"uid":"147d7bc2f6cebb1b","name":"Request","source":"147d7bc2f6cebb1b.html","type":"text/html","size":602},{"uid":"73293f0bba5b3c67","name":"HTTP/1.1 404 ","source":"73293f0bba5b3c67.html","type":"text/html","size":877}],"parameters":[{"name":"id","value":"test_eZVQXrZKDB"}],"shouldDisplayMessage":false,"stepsCount":0,"attachmentsCount":2,"hasContent":true,"attachmentStep":false},{"name":"Delete 13","time":{"start":1743452182026,"stop":1743452182065,"duration":39},"status":"passed","steps":[],"attachments":[{"uid":"9a8d559107d05d34","name":"Request","source":"9a8d559107d05d34.html","type":"text/html","size":566},{"uid":"a0456c5c6b78b1d2","name":"HTTP/1.1 204 ","source":"a0456c5c6b78b1d2.html","type":"text/html","size":478}],"parameters":[{"name":"id","value":"13"}],"shouldDisplayMessage":false,"stepsCount":0,"attachmentsCount":2,"hasContent":true,"attachmentStep":false},{"name":"Delete test_RUdVhpsCgccHsgwzQzRiSZbVIotpGdPPoPBExQMOJnZwdDbcAbmSFQSbRkqRNYKdcnDqbuhrZRDsYPAAcEMqZqIzrKNMqyOFARFhbLNezTQdAVBXOIXsOTUwbWEAIxJBUUWvnOQQTwtQrDGoYMCtszKltBPEvHScZmNbzoVsLjyDnwVsFJEjURuxhAodqGSasPGVwMcbEuasfxxLUcTjTEUSASBr","time":{"start":1743452182065,"stop":1743452182096,"duration":31},"status":"passed","steps":[],"attachments":[{"uid":"4124b8c0e946b9c0","name":"Request","source":"4124b8c0e946b9c0.html","type":"text/html","size":1018},{"uid":"69ab64a596b5c8f0","name":"HTTP/1.1 404 ","source":"69ab64a596b5c8f0.html","type":"text/html","size":1360}],"parameters":[{"name":"id","value":"test_RUdVhpsCgccHsgwzQzRiSZbVIotpGdPPoPBExQMOJnZwdDbcAbmSFQSbRkqRNYKdcnDqbuhrZRDsYPAAcEMqZqIzrKNMqyOFARFhbLNezTQdAVBXOIXsOTUwbWEAIxJBUUWvnOQQTwtQrDGoYMCtszKltBPEvHScZmNbzoVsLjyDnwVsFJEjURuxhAodqGSasPGVwMcbEuasfxxLUcTjTEUSASBr"}],"shouldDisplayMessage":false,"stepsCount":0,"attachmentsCount":2,"hasContent":true,"attachmentStep":false}],"attachments":[],"parameters":[],"shouldDisplayMessage":false,"stepsCount":3,"attachmentsCount":6,"hasContent":true,"attachmentStep":false}],"labels":[{"name":"package","value":"com.teamcity.api.StartBuildTest"},{"name":"testClass","value":"com.teamcity.api.StartBuildTest"},{"name":"testMethod","value":"userStartsBuildTest"},{"name":"parentSuite","value":"API tests"},{"name":"suite","value":"API tests"},{"name":"subSuite","value":"com.teamcity.api.StartBuildTest"},{"name":"host","value":"fv-az1940-696"},{"name":"thread","value":"5087@fv-az1940-696.TestNG-test-API tests-1(29)"},{"name":"framework","value":"testng"},{"name":"language","value":"java"},{"name":"feature","value":"Start build"},{"name":"resultFormat","value":"allure2"}],"parameters":[],"links":[],"hidden":true,"retry":true,"extra":{"categories":[],"tags":[]},"source":"fbdba2c89a353a36.json","parameterValues":[]}